Thread  	Address                 	Instruction                     	Result                                  	
0000DEAD	ROM:Entry+8             	Memory layout changed: 2 segments	Memory layout changed: 2 segments       	
0000DEAD	                        	                                	R0=00010FA7 R1=200013B8 R2=00000000 R3=00000000 R4=00004000 R5=0000004E R6=00000000 R7=00000000 R8=00000001 R9=0000C9E8 R10=FFFFFFE4 R11=00000000 R12=AA00001C SP=200013B8 LR=0000197B PSR=81000000 MSP=200013B8 PSP=24004208 PRIMASK=00000000 BASEPRI=00000000 FAULTMASK=00000000 CONTROL=00000000 FPSCR=FFFFFFFF S0=FFFFFFFF S1=FFFFFFFF S2=FFFFFFFF S3=FFFFFFFF S4=FFFFFFFF S5=FFFFFFFF S6=FFFFFFFF S7=FFFFFFFF S8=FFFFFFFF S9=FFFFFFFF S10=FFFFFFFF S11=FFFFFFFF S12=FFFFFFFF S13=FFFFFFFF S14=FFFFFFFF S15=FFFFFFFF S16=FFFFFFFF S17=FFFFFFFF S18=FFFFFFFF S19=FFFFFFFF S20=FFFFFFFF S21=FFFFFFFF S22=FFFFFFFF S23=FFFFFFFF S24=FFFFFFFF S25=FFFFFFFF S26=FFFFFFFF S27=FFFFFFFF S28=FFFFFFFF S29=FFFFFFFF S30=FFFFFFFF S31=FFFFFFFF D0=FFFFFFFFFFFFFFFF D1=FFFFFFFFFFFFFFFF D2=FFFFFFFFFFFFFFFF D3=FFFFFFFFFFFFFFFF D4=FFFFFFFFFFFFFFFF D5=FFFFFFFFFFFFFFFF D6=FFFFFFFFFFFFFFFF D7=FFFFFFFFFFFFFFFF D8=FFFFFFFFFFFFFFFF D9=FFFFFFFFFFFFFFFF D10=FFFFFFFFFFFFFFFF D11=FFFFFFFFFFFFFFFF D12=FFFFFFFFFFFFFFFF D13=FFFFFFFFFFFFFFFF D14=FFFFFFFFFFFFFFFF D15=F
0000DEAD	ROM:Entry+8             	BL              Entry_1         	LR=00010FB3 ISR_NUMBER=20               	
0000DEAD	ROM:Entry_1             	BL              init_scs_test   	LR=00010F69                             	
0000DEAD	ROM:init_scs_test       	LDR             R0, =dword_4000; Undocumented SCS (System Contol Space) Register Init	R0=00004000                             	
0000DEAD	ROM:init_scs_test+2     	LDR             R1, =unk_E000ED08;  |	R1=E000ED08                             	
0000DEAD	ROM:init_scs_test+4     	LSRS            R0, R0, #7;  |  	R0=00000080 N=0                         	
0000DEAD	ROM:init_scs_test+6     	LSLS            R0, R0, #7;  |  	R0=00004000                             	
0000DEAD	ROM:init_scs_test+8     	STR             R0, [R1];  /    	                                        	
0000DEAD	ROM:init_scs_test+A     	MOVS            R0, #1; Return with 1 in R0	R0=00000001                             	
0000DEAD	ROM:init_scs_test+C     	BX              LR              	                                        	
0000DEAD	ROM:Entry_1+4           	CMP             R0, #0          	C=1                                     	
0000DEAD	ROM:Entry_1+6           	BEQ             init_scs_test_failed	                                        	
0000DEAD	ROM:Entry_1+8           	BL              sub_10F10       	LR=00010F71                             	
0000DEAD	ROM:sub_10F10           	PUSH            {R4,LR}         	SP=200013B0 MSP=200013B0                	
0000DEAD	ROM:sub_10F10+2         	LDR             R1, =(loc_10F20 - 0x10F18)	R1=00000008                             	
0000DEAD	ROM:sub_10F10+4         	ADD             R1, PC; loc_10F20	R1=00010F20                             	
0000DEAD	ROM:sub_10F10+6         	ADDS            R1, #0x18       	R1=00010F38 C=0                         	
0000DEAD	ROM:sub_10F10+8         	LDR             R4, =(unk_10F4E - 0x10F1E)	R4=00000030                             	
0000DEAD	ROM:sub_10F10+A         	ADD             R4, PC; unk_10F4E	R4=00010F4E                             	
0000DEAD	ROM:sub_10F10+C         	ADDS            R4, #0x16       	R4=00010F64                             	
0000DEAD	ROM:sub_10F10+E         	B               loc_10F2A       	                                        	
0000DEAD	ROM:sub_10F10:loc_10F2A 	CMP             R1, R4          	N=1                                     	
0000DEAD	ROM:sub_10F10+1C        	BNE             loc_10F20       	                                        	
0000DEAD	ROM:sub_10F10:loc_10F20 	LDR             R2, [R1]; Read a word from CL 0x00010F3C	R2=FFFF68CF                             	
0000DEAD	ROM:sub_10F10+12        	ADDS            R0, R1, #4      	R0=00010F3C N=0                         	
0000DEAD	ROM:sub_10F10+14        	ADDS            R1, R2, R1      	R1=00007807 C=1                         	
0000DEAD	ROM:sub_10F10+16        	BLX             R1; sub_7806    	LR=00010F29                             	
0000DEAD	ROM:sub_7806            	LDR.W           R1, [R0],#4     	R0=00010F40 R1=00000A00                 	
0000DEAD	ROM:sub_7806+4          	CBZ             R1, locret_7826 	                                        	
0000DEAD	ROM:sub_7806+6          	LDR.W           R2, [R0],#4     	R0=00010F44 R2=200003B8                 	
0000DEAD	ROM:sub_7806+A          	LSLS            R3, R2, #0x1F   	C=0 Z=1                                 	
0000DEAD	ROM:sub_7806+C          	ITT MI                          	IT[3:2]=1 IT[7:4]=4                     	
0000DEAD	ROM:sub_7806+E          	SUBMI.W         R3, R9, #1      	IT[3:2]=2                               	
0000DEAD	ROM:sub_7806+12         	ADDMI           R2, R3, R2      	IT[3:2]=0 IT[7:4]=0                     	
0000DEAD	ROM:sub_7806:memclr_loop	MOVS            R3, #0;  Entering with R2=0x3B8, R1=0xA00	                                        	
0000DEAD	ROM:sub_7806+16         	STR.W           R3, [R2],#4     	R2=200003BC                             	
0000DEAD	ROM:sub_7806+1A         	SUBS            R1, R1, #4      	R1=000009FC C=1 Z=0                     	
0000DEAD	ROM:sub_7806+1C         	BNE             memclr_loop     	R1=00000000 R2=20000DB8 Z=1             	
0000DEAD	ROM:sub_7806+1E         	B               sub_7806        	R0=00010F48                             	
0000DEAD	ROM:sub_7806:locret_7826	BX              LR              	                                        	
0000DEAD	ROM:sub_10F10+18        	MOV             R1, R0          	R0=00010F64 R1=00010F64 R2=0001109A R3=000110A5 LR=00010DED	
0000DEAD	ROM:sub_10F10+1E        	POP             {R4,PC}         	R4=00004000 SP=200013B8 MSP=200013B8    	
0000DEAD	ROM:Entry_1:init_scs_test_failed	MOVS            R0, #0          	R0=00000000                             	
0000DEAD	ROM:Entry_1+E           	NOP                             	                                        	
0000DEAD	ROM:Entry_1+10          	NOP                             	                                        	
0000DEAD	ROM:Entry_1+12          	BL              sub_B3EC        	LR=00010F7B                             	
0000DEAD	ROM:sub_B3EC            	PUSH            {R4-R7,LR}      	SP=200013A4 MSP=200013A4                	
0000DEAD	ROM:sub_B3EC+2          	SUB             SP, SP, #4      	SP=200013A0 MSP=200013A0                	
0000DEAD	ROM:sub_B3EC+4          	BL              sub_B0D2        	LR=0000B3F5                             	
0000DEAD	ROM:sub_B0D2            	PUSH            {R4,R5,LR}      	SP=20001394 MSP=20001394                	
0000DEAD	ROM:sub_B0D2+2          	SUB             SP, SP, #0xC    	SP=20001388 MSP=20001388                	
0000DEAD	ROM:sub_B0D2+4          	LDR.W           R0, =0x3D0900   	R0=003D0900                             	
0000DEAD	ROM:sub_B0D2+8          	BL              sub_AF16        	LR=0000B0DF                             	
0000DEAD	ROM:sub_AF16            	LDR.W           R1, =unk_20000000	R1=20000000                             	
0000DEAD	ROM:sub_AF16+4          	LDRB            R2, [R1]        	R2=00000000                             	
0000DEAD	ROM:sub_AF16+6          	CBZ             R2, loc_AF22    	                                        	
0000DEAD	ROM:sub_AF16:loc_AF22   	LDR             R2, [R1,#8]     	                                        	
0000DEAD	ROM:sub_AF16+E          	CMP             R2, R0          	C=0 Z=0 N=1                             	
0000DEAD	ROM:sub_AF16+10         	BEQ             locret_AF54     	                                        	
0000DEAD	ROM:sub_AF16+12         	STR             R0, [R1,#8]     	                                        	
0000DEAD	ROM:sub_AF16+14         	LDR.W           R1, =0x3D0900   	R1=003D0900                             	
0000DEAD	ROM:sub_AF16+18         	CMP             R0, R1          	C=1 Z=1 N=0                             	
0000DEAD	ROM:sub_AF16+1A         	IT EQ                           	IT[3:2]=2                               	
0000DEAD	ROM:sub_AF16+1C         	MOVS            R0, #0          	R0=00000000 IT[3:2]=0                   	
0000DEAD	ROM:sub_AF16+1E         	BEQ             loc_AF4C        	                                        	
0000DEAD	ROM:sub_AF16:loc_AF4C   	B.W             sub_C46C        	                                        	
0000DEAD	ROM:sub_C46C            	PUSH            {R4-R7,LR}      	SP=20001374 MSP=20001374                	
0000DEAD	ROM:0000C46E            	SUB             SP, SP, #4      	SP=20001370 MSP=20001370                	
0000DEAD	ROM:0000C470            	MOV             R5, R0          	R5=00000000                             	
0000DEAD	ROM:0000C472            	MOVS            R4, #0          	R4=00000000                             	
0000DEAD	ROM:0000C474            	CBNZ            R5, loc_C490    	                                        	
0000DEAD	ROM:0000C476            	LDR             R6, =0x3D0900   	R6=003D0900                             	
0000DEAD	ROM:loc_C478            	LDR             R7, =unk_400E0848	R7=400E0848                             	
0000DEAD	ROM:0000C47A            	LDR             R0, [R7]        	R0=00630080                             	
0000DEAD	ROM:0000C47C            	LSLS            R0, R0, #0x1F   	R0=00000000 C=0                         	
0000DEAD	ROM:0000C47E            	BPL             loc_C4A8        	                                        	
0000DEAD	ROM:loc_C4A8            	MOVS            R0, #0          	                                        	
0000DEAD	ROM:0000C4AA            	BL              sub_D568        	LR=0000C4AF                             	
0000DEAD	ROM:sub_D568            	MRS.W           R1, PRIMASK     	R1=00000000                             	
0000DEAD	ROM:sub_D568+4          	SUBS            R1, R1, #1      	R1=FFFFFFFF Z=0 N=1                     	
0000DEAD	ROM:sub_D568+6          	SBCS            R1, R1          	                                        	
0000DEAD	ROM:sub_D568+8          	LSRS            R1, R1, #0x1F   	R1=00000001 C=1 N=0                     	
0000DEAD	ROM:sub_D568+A          	CPSID           I               	PRIMASK=00000001                        	
0000DEAD	ROM:sub_D568+C          	DMB.W           SY              	                                        	
0000DEAD	ROM:sub_D568+10         	LDR             R2, =unk_200003A5	R2=200003A5                             	
0000DEAD	ROM:sub_D568+12         	MOVS            R3, #0          	R3=00000000 Z=1                         	
0000DEAD	ROM:sub_D568+14         	STRB            R3, [R2]        	                                        	
0000DEAD	ROM:sub_D568+16         	MOV.W           R12, #0xAA000000	R12=AA000000                            	
0000DEAD	ROM:sub_D568+1A         	LDR             R3, =unk_400E0000	R3=400E0000                             	
0000DEAD	ROM:sub_D568+1C         	STR.W           R12, [R3,#(unk_400E0058 - 0x400E0000)]	                                        	
0000DEAD	ROM:sub_D568+20         	STR             R0, [R3]        	                                        	
0000DEAD	ROM:sub_D568+22         	CBZ             R1, locret_D596 	                                        	
0000DEAD	ROM:sub_D568+24         	MOVS            R0, #1          	R0=00000001 Z=0                         	
0000DEAD	ROM:sub_D568+26         	STRB            R0, [R2]        	                                        	
0000DEAD	ROM:sub_D568+28         	DMB.W           SY              	                                        	
0000DEAD	ROM:sub_D568+2C         	CPSIE           I               	PRIMASK=00000000                        	
0000DEAD	ROM:sub_D568:locret_D596	BX              LR              	                                        	
0000DEAD	ROM:0000C4AE            	BL              sub_CB96        	LR=0000C4B3                             	
0000DEAD	ROM:sub_CB96            	MRS.W           R0, PRIMASK     	R0=00000000                             	
0000DEAD	ROM:sub_CB96+4          	SUBS            R0, R0, #1      	R0=FFFFFFFF C=0 N=1                     	
0000DEAD	ROM:sub_CB96+6          	SBCS            R0, R0          	                                        	
0000DEAD	ROM:sub_CB96+8          	LSRS            R0, R0, #0x1F   	R0=00000001 C=1 N=0                     	
0000DEAD	ROM:sub_CB96+A          	CPSID           I               	PRIMASK=00000001                        	
0000DEAD	ROM:sub_CB96+C          	DMB.W           SY              	                                        	
0000DEAD	ROM:sub_CB96+10         	LDR             R1, =unk_200003A5	R1=200003A5                             	
0000DEAD	ROM:sub_CB96+12         	LDR.W           R12, =0xAA000048	R12=AA000048                            	
0000DEAD	ROM:sub_CB96+16         	MOVS            R2, #0          	R2=00000000 Z=1                         	
0000DEAD	ROM:sub_CB96+18         	STRB            R2, [R1]        	                                        	
0000DEAD	ROM:sub_CB96+1A         	LDR             R2, =unk_400E0818	R2=400E0818                             	
0000DEAD	ROM:sub_CB96+1C         	LDR             R3, [R2,#(unk_400E0848 - 0x400E0818)]	R3=00630080                             	
0000DEAD	ROM:sub_CB96+1E         	STR.W           R12, [R2]       	                                        	
0000DEAD	ROM:sub_CB96+22         	LDR.W           R12, =0xFFFFFCFE	R12=FFFFFCFE                            	
0000DEAD	ROM:sub_CB96+26         	AND.W           R3, R12, R3     	                                        	
0000DEAD	ROM:sub_CB96+2A         	STR             R3, [R2,#(unk_400E0848 - 0x400E0818)]	                                        	
0000DEAD	ROM:sub_CB96+2C         	CBZ             R0, locret_CBCE 	                                        	
0000DEAD	ROM:sub_CB96+2E         	MOVS            R0, #1          	Z=0                                     	
0000DEAD	ROM:sub_CB96+30         	STRB            R0, [R1]        	                                        	
0000DEAD	ROM:sub_CB96+32         	DMB.W           SY              	                                        	
0000DEAD	ROM:sub_CB96+36         	CPSIE           I               	PRIMASK=00000000                        	
0000DEAD	ROM:sub_CB96:locret_CBCE	BX              LR              	                                        	
0000DEAD	ROM:0000C4B2            	MOV             R0, R5          	R0=00000000                             	
0000DEAD	ROM:0000C4B4            	BL              sub_CB54        	LR=0000C4B9                             	
0000DEAD	ROM:sub_CB54            	MRS.W           R1, PRIMASK     	R1=00000000                             	
0000DEAD	ROM:sub_CB54+4          	PUSH            {R4,R5}         	SP=20001368 MSP=20001368                	
0000DEAD	ROM:sub_CB54+6          	SUBS            R1, R1, #1      	R1=FFFFFFFF C=0 N=1                     	
0000DEAD	ROM:sub_CB54+8          	SBCS            R1, R1          	                                        	
0000DEAD	ROM:sub_CB54+A          	LSRS            R1, R1, #0x1F   	R1=00000001 C=1 N=0                     	
0000DEAD	ROM:sub_CB54+C          	CPSID           I               	PRIMASK=00000001                        	
0000DEAD	ROM:sub_CB54+E          	DMB.W           SY              	                                        	
0000DEAD	ROM:sub_CB54+12         	LDR             R2, =unk_200003A5	R2=200003A5                             	
0000DEAD	ROM:sub_CB54+14         	LDR             R5, =0xAA000048 	R5=AA000048                             	
0000DEAD	ROM:sub_CB54+16         	MOVS            R3, #0          	R3=00000000 Z=1                         	
0000DEAD	ROM:sub_CB54+18         	STRB            R3, [R2]        	                                        	
0000DEAD	ROM:sub_CB54+1A         	LSLS            R0, R0, #8      	C=0                                     	
0000DEAD	ROM:sub_CB54+1C         	LDR             R3, =unk_400E0818	R3=400E0818                             	
0000DEAD	ROM:sub_CB54+1E         	LDR             R4, [R3,#(unk_400E0848 - 0x400E0818)]	R4=00630080                             	
0000DEAD	ROM:sub_CB54+20         	BIC.W           R4, R4, #0x300  	                                        	
0000DEAD	ROM:sub_CB54+24         	AND.W           R0, R0, #0x300  	                                        	
0000DEAD	ROM:sub_CB54+28         	ORRS            R0, R4          	R0=00630080 Z=0                         	
0000DEAD	ROM:sub_CB54+2A         	STR             R5, [R3]        	                                        	
0000DEAD	ROM:sub_CB54+2C         	ORR.W           R0, R0, #1      	R0=00630081                             	
0000DEAD	ROM:sub_CB54+30         	STR             R0, [R3,#(unk_400E0848 - 0x400E0818)]	                                        	
0000DEAD	ROM:sub_CB54+32         	CBZ             R1, loc_CB92    	                                        	
0000DEAD	ROM:sub_CB54+34         	MOVS            R0, #1          	R0=00000001                             	
0000DEAD	ROM:sub_CB54+36         	STRB            R0, [R2]        	                                        	
0000DEAD	ROM:sub_CB54+38         	DMB.W           SY              	                                        	
0000DEAD	ROM:sub_CB54+3C         	CPSIE           I               	PRIMASK=00000000                        	
0000DEAD	ROM:sub_CB54:loc_CB92   	POP             {R4,R5}         	R4=00000000 R5=00000000 SP=20001370 MSP=20001370	
0000DEAD	ROM:sub_CB54+40         	BX              LR              	                                        	
0000DEAD	ROM:loc_C4B8            	LDR             R0, [R7]        	R0=00630081                             	
0000DEAD	ROM:0000C4BA            	LSLS            R0, R0, #0x1F   	R0=80000000 N=1                         	
0000DEAD	ROM:0000C4BC            	BPL             loc_C4B8        	                                        	
0000DEAD	ROM:0000C4BE            	MOV             R2, R4          	R2=00000000                             	
0000DEAD	ROM:0000C4C0            	MOVS            R1, #1          	N=0                                     	
0000DEAD	ROM:0000C4C2            	MOV             R0, R6          	R0=003D0900                             	
0000DEAD	ROM:0000C4C4            	BL              sub_F818        	LR=0000C4C9                             	
0000DEAD	ROM:sub_F818            	PUSH            {R4,R5,LR}      	SP=20001364 MSP=20001364                	
0000DEAD	ROM:sub_F818+2          	SUB             SP, SP, #4      	SP=20001360 MSP=20001360                	
0000DEAD	ROM:sub_F818+4          	CBNZ            R1, loc_F878    	                                        	
0000DEAD	ROM:sub_F818:loc_F878   	LDR.W           R5, =unk_400A0000	R5=400A0000                             	
0000DEAD	ROM:sub_F818+64         	LDR.W           R1, =0x7A1201   	R1=007A1201                             	
0000DEAD	ROM:sub_F818+68         	CMP             R0, R1          	N=1                                     	
0000DEAD	ROM:sub_F818+6A         	LDR             R0, [R5]        	R0=00000000                             	
0000DEAD	ROM:sub_F818+6C         	ITE CS                          	IT[3:2]=3 IT[7:4]=2                     	
0000DEAD	ROM:sub_F818+6E         	ORRCS.W         R0, R0, #0x40   	IT[3:2]=2 IT[7:4]=3                     	
0000DEAD	ROM:sub_F818+72         	BICCC.W         R0, R0, #0x40   	IT[3:2]=0 IT[7:4]=0                     	
0000DEAD	ROM:sub_F818+76         	STR             R0, [R5]        	                                        	
0000DEAD	ROM:sub_F818:loc_F890   	LDR.W           R4, =unk_2000039C	R4=2000039C                             	
0000DEAD	ROM:sub_F818+7C         	LDR             R0, [R4]        	R0=0000F8BB                             	
0000DEAD	ROM:sub_F818+7E         	BLX             R0              	LR=0000F899                             	
0000DEAD	ROM:0000F8BA            	LDR.W           R0, unk_F8E0    	R0=400A0008                             	
0000DEAD	ROM:unk_F8BE            	LDR             R1, [R0]        	R1=00000001                             	
0000DEAD	ROM:0000F8C0            	LSLS            R1, R1, #0x1F   	R1=80000000                             	
0000DEAD	ROM:0000F8C2            	BPL             unk_F8BE        	                                        	
0000DEAD	ROM:0000F8C4            	BX              LR              	                                        	
0000DEAD	ROM:sub_F818+80         	LDR             R0, [R5,#(unk_400A0004 - 0x400A0000)]	R0=00000000                             	
0000DEAD	ROM:sub_F818+82         	LSRS            R0, R0, #6      	Z=1 N=0                                 	
0000DEAD	ROM:sub_F818+84         	LSLS            R0, R0, #6      	                                        	
0000DEAD	ROM:sub_F818+86         	ORR.W           R0, R0, #0xA5000000	R0=A5000000                             	
0000DEAD	ROM:sub_F818+8A         	ORR.W           R0, R0, #0x11   	R0=A5000011                             	
0000DEAD	ROM:sub_F818:loc_F8A6   	STR             R0, [R5,#(unk_400A0004 - 0x400A0000)]	                                        	
0000DEAD	ROM:sub_F818+90         	LDR             R0, [R5,#(unk_400A0008 - 0x400A0000)]	R0=00000001                             	
0000DEAD	ROM:sub_F818+92         	AND.W           R0, R0, #0xC    	R0=00000000                             	
0000DEAD	ROM:sub_F818+96         	STR             R0, [R4,#(unk_200003A0 - 0x2000039C)]	                                        	
0000DEAD	ROM:sub_F818+98         	LDR             R0, [R4]        	R0=0000F8BB                             	
0000DEAD	ROM:sub_F818+9A         	ADD             SP, SP, #4      	SP=20001364 MSP=20001364                	
0000DEAD	ROM:sub_F818+9C         	POP.W           {R4,R5,LR}      	R4=00000000 R5=00000000 SP=20001370 LR=0000C4C9 MSP=20001370	
0000DEAD	ROM:sub_F818+A0         	BX              R0              	R0=400A0008 Z=0 N=1                     	
0000DEAD	ROM:0000C4C8            	MOVS            R0, #5          	R0=00000005 N=0                         	
0000DEAD	ROM:0000C4CA            	BL              sub_D568        	R0=00000001 R1=00000001 R2=200003A5 R3=400E0000 R12=AA000000 LR=0000C4CF C=1	
0000DEAD	ROM:0000C4CE            	LDR             R4, =0x400F0000 	R4=400F0000                             	
0000DEAD	ROM:0000C4D0            	MOVS            R1, #1          	                                        	
0000DEAD	ROM:0000C4D2            	MOV             R0, R4          	R0=400F0000                             	
0000DEAD	ROM:0000C4D4            	BL              sub_C120        	LR=0000C4D9                             	
0000DEAD	ROM:sub_C120            	LDR             R2, [R0,#0x1C]  	R2=00010000                             	
0000DEAD	ROM:sub_C120+2          	LDR.W           R12, =unk_400F0018	R12=400F0018                            	
0000DEAD	ROM:sub_C120+6          	LSRS            R2, R2, #2      	R2=00004000 C=0                         	
0000DEAD	ROM:sub_C120+8          	AND.W           R1, R1, #3      	                                        	
0000DEAD	ROM:sub_C120+C          	LDR             R3, =0xAA00001C 	R3=AA00001C                             	
0000DEAD	ROM:sub_C120+E          	STR.W           R3, [R12]       	                                        	
0000DEAD	ROM:sub_C120+12         	ORR.W           R1, R1, R2,LSL#2	R1=00010001                             	
0000DEAD	ROM:sub_C120+16         	ORR.W           R1, R1, #0xC    	R1=0001000D                             	
0000DEAD	ROM:sub_C120+1A         	STR             R1, [R0,#0x1C]  	                                        	
0000DEAD	ROM:sub_C120+1C         	BX              LR              	                                        	
0000DEAD	ROM:loc_C4D8            	MOV             R0, R4          	                                        	
0000DEAD	ROM:0000C4DA            	BL              sub_C166        	LR=0000C4DF                             	
0000DEAD	ROM:sub_C166            	LDR             R0, [R0,#0x14]  	R0=00000001                             	
0000DEAD	ROM:sub_C166+2          	BX              LR              	                                        	
0000DEAD	ROM:0000C4DE            	LSLS            R0, R0, #0x1F   	R0=80000000 N=1                         	
0000DEAD	ROM:0000C4E0            	BPL             loc_C4D8        	                                        	
0000DEAD	ROM:0000C4E2            	MOVS            R0, #0          	R0=00000000 Z=1 N=0                     	
0000DEAD	ROM:0000C4E4            	BL              sub_F92A        	LR=0000C4E9                             	
0000DEAD	ROM:sub_F92A            	MRS.W           R1, PRIMASK     	R1=00000000                             	
0000DEAD	ROM:sub_F92A+4          	SUBS            R1, R1, #1      	R1=FFFFFFFF Z=0 N=1                     	
0000DEAD	ROM:sub_F92A+6          	SBCS            R1, R1          	                                        	
0000DEAD	ROM:sub_F92A+8          	LSRS            R1, R1, #0x1F   	R1=00000001 C=1 N=0                     	
0000DEAD	ROM:sub_F92A+A          	CPSID           I               	PRIMASK=00000001                        	
0000DEAD	ROM:sub_F92A+C          	DMB.W           SY              	                                        	
0000DEAD	ROM:sub_F92A+10         	LDR             R2, =unk_200003A5	R2=200003A5                             	
0000DEAD	ROM:sub_F92A+12         	LDR.W           R12, =unk_400E0818	R12=400E0818                            	
0000DEAD	ROM:sub_F92A+16         	MOVS            R3, #0          	R3=00000000 Z=1                         	
0000DEAD	ROM:sub_F92A+18         	STRB            R3, [R2]        	                                        	
0000DEAD	ROM:sub_F92A+1A         	LDR             R3, =0x400E0824 	R3=400E0824                             	
0000DEAD	ROM:sub_F92A+1C         	ADD.W           R3, R3, R0,LSL#2	                                        	
0000DEAD	ROM:sub_F92A+20         	LSLS            R3, R3, #0x16   	R3=09000000 C=0 Z=0                     	
0000DEAD	ROM:sub_F92A+22         	LSRS            R3, R3, #0x16   	R3=00000024                             	
0000DEAD	ROM:sub_F92A+24         	ORR.W           R3, R3, #0xAA000000	R3=AA000024                             	
0000DEAD	ROM:sub_F92A+28         	STR.W           R3, [R12]       	                                        	
0000DEAD	ROM:sub_F92A+2C         	MOVS            R3, #0          	R3=00000000 Z=1                         	
0000DEAD	ROM:sub_F92A+2E         	LDR.W           R12, =0x400E0824	R12=400E0824                            	
0000DEAD	ROM:sub_F92A+32         	STR.W           R3, [R12,R0,LSL#2]	                                        	
0000DEAD	ROM:sub_F92A+36         	CBZ             R1, locret_F96C 	                                        	
0000DEAD	ROM:sub_F92A+38         	MOVS            R0, #1          	R0=00000001 Z=0                         	
0000DEAD	ROM:sub_F92A+3A         	STRB            R0, [R2]        	                                        	
0000DEAD	ROM:sub_F92A+3C         	DMB.W           SY              	                                        	
0000DEAD	ROM:sub_F92A+40         	CPSIE           I               	PRIMASK=00000000                        	
0000DEAD	ROM:sub_F92A:locret_F96C	BX              LR              	                                        	
0000DEAD	ROM:0000C4E8            	ADD             SP, SP, #4      	SP=20001374 MSP=20001374                	
0000DEAD	ROM:0000C4EA            	POP.W           {R4-R7,LR}      	R4=00004000 R5=0000004E R6=00000000 R7=00000000 SP=20001388 LR=0000B0DF MSP=20001388	
0000DEAD	ROM:0000C4EE            	B.W             sub_CA4E        	                                        	
0000DEAD	ROM:sub_CA4E            	MRS.W           R0, PRIMASK     	R0=00000000                             	
0000DEAD	ROM:sub_CA4E+4          	SUBS            R0, R0, #1      	R0=FFFFFFFF N=1                         	
0000DEAD	ROM:sub_CA4E+6          	SBCS            R0, R0          	                                        	
0000DEAD	ROM:sub_CA4E+8          	LSRS            R0, R0, #0x1F   	R0=00000001 C=1 N=0                     	
0000DEAD	ROM:sub_CA4E+A          	CPSID           I               	PRIMASK=00000001                        	
0000DEAD	ROM:sub_CA4E+C          	DMB.W           SY              	                                        	
0000DEAD	ROM:sub_CA4E+10         	LDR             R1, =unk_200003A5	R1=200003A5                             	
0000DEAD	ROM:sub_CA4E+12         	LDR.W           R12, =0xAA000020	R12=AA000020                            	
0000DEAD	ROM:sub_CA4E+16         	MOVS            R2, #0          	R2=00000000 Z=1                         	
0000DEAD	ROM:sub_CA4E+18         	STRB            R2, [R1]        	                                        	
0000DEAD	ROM:sub_CA4E+1A         	LDR             R2, =unk_400E0818	R2=400E0818                             	
0000DEAD	ROM:sub_CA4E+1C         	LDR             R3, [R2,#(unk_400E0820 - 0x400E0818)]	                                        	
0000DEAD	ROM:sub_CA4E+1E         	STR.W           R12, [R2]       	                                        	
0000DEAD	ROM:sub_CA4E+22         	BIC.W           R3, R3, #0x10000	                                        	
0000DEAD	ROM:sub_CA4E+26         	STR             R3, [R2,#(unk_400E0820 - 0x400E0818)]	                                        	
0000DEAD	ROM:sub_CA4E+28         	CBZ             R0, locret_CA82 	                                        	
0000DEAD	ROM:sub_CA4E+2A         	MOVS            R0, #1          	Z=0                                     	
0000DEAD	ROM:sub_CA4E+2C         	STRB            R0, [R1]        	                                        	
0000DEAD	ROM:sub_CA4E+2E         	DMB.W           SY              	                                        	
0000DEAD	ROM:sub_CA4E+32         	CPSIE           I               	PRIMASK=00000000                        	
0000DEAD	ROM:sub_CA4E:locret_CA82	BX              LR              	                                        	
0000DEAD	ROM:sub_B0D2+C          	MOVS            R1, #0x10       	R1=00000010                             	
0000DEAD	ROM:sub_B0D2+E          	MOVS            R0, #4          	R0=00000004                             	
0000DEAD	ROM:sub_B0D2+10         	BL              sub_ADD6        	LR=0000B0E7                             	
0000DEAD	ROM:sub_ADD6            	AND.W           R3, R0, #0x1F   	R3=00000004                             	
0000DEAD	ROM:sub_ADD6+4          	LSRS            R0, R0, #5      	R0=00000000 C=0 Z=1                     	
0000DEAD	ROM:sub_ADD6+6          	MOVS            R2, #1          	R2=00000001 Z=0                         	
0000DEAD	ROM:sub_ADD6+8          	LSLS            R0, R0, #9      	Z=1                                     	
0000DEAD	ROM:sub_ADD6+A          	LSLS            R2, R3          	R2=00000010 Z=0                         	
0000DEAD	ROM:sub_ADD6+C          	ADD.W           R0, R0, #0x40000000	R0=40000000                             	
0000DEAD	ROM:sub_ADD6+10         	ADD.W           R0, R0, #0xE1000	R0=400E1000                             	
0000DEAD	ROM:sub_ADD6+14         	LSLS            R3, R1, #0x1C   	R3=00000000 C=1 Z=1                     	
0000DEAD	ROM:sub_ADD6+16         	ITE MI                          	IT[3:2]=3 IT[7:4]=4                     	
0000DEAD	ROM:sub_ADD6+18         	STRMI           R2, [R0,#0x74]  	IT[3:2]=2 IT[7:4]=5                     	
0000DEAD	ROM:sub_ADD6+1A         	STRPL           R2, [R0,#0x78]  	IT[3:2]=0 IT[7:4]=0                     	
0000DEAD	ROM:sub_ADD6+1C         	LSLS            R3, R1, #0x1B   	R3=80000000 C=0 Z=0 N=1                 	
0000DEAD	ROM:sub_ADD6+1E         	ITE MI                          	IT[3:2]=3 IT[7:4]=4                     	
0000DEAD	ROM:sub_ADD6+20         	STRMI.W         R2, [R0,#0x84]  	IT[3:2]=2 IT[7:4]=5                     	
0000DEAD	ROM:sub_ADD6+24         	STRPL.W         R2, [R0,#0x88]  	IT[3:2]=0 IT[7:4]=0                     	
0000DEAD	ROM:sub_ADD6+28         	LSLS            R3, R1, #0x19   	R3=20000000 N=0                         	
0000DEAD	ROM:sub_ADD6+2A         	ITE MI                          	IT[3:2]=3 IT[7:4]=4                     	
0000DEAD	ROM:sub_ADD6+2C         	STRMI.W         R2, [R0,#0xC4]  	IT[3:2]=2 IT[7:4]=5                     	
0000DEAD	ROM:sub_ADD6+30         	STRPL.W         R2, [R0,#0xC8]  	IT[3:2]=0 IT[7:4]=0                     	
0000DEAD	ROM:sub_ADD6+34         	LSLS            R3, R1, #0x18   	R3=10000000                             	
0000DEAD	ROM:sub_ADD6+36         	ITE MI                          	IT[3:2]=3 IT[7:4]=4                     	
0000DEAD	ROM:sub_ADD6+38         	STRMI.W         R2, [R0,#0x104] 	IT[3:2]=2 IT[7:4]=5                     	
0000DEAD	ROM:sub_ADD6+3C         	STRPL.W         R2, [R0,#0x108] 	IT[3:2]=0 IT[7:4]=0                     	
0000DEAD	ROM:sub_ADD6+40         	LSLS            R3, R1, #0x1F   	R3=00000000 Z=1                         	
0000DEAD	ROM:sub_ADD6+42         	ITE MI                          	IT[3:2]=3 IT[7:4]=4                     	
0000DEAD	ROM:sub_ADD6+44         	STRMI           R2, [R0,#0x14]  	IT[3:2]=2 IT[7:4]=5                     	
0000DEAD	ROM:sub_ADD6+46         	STRPL           R2, [R0,#0x18]  	IT[3:2]=0 IT[7:4]=0                     	
0000DEAD	ROM:sub_ADD6+48         	LSLS            R3, R1, #0x1E   	                                        	
0000DEAD	ROM:sub_ADD6+4A         	ITE MI                          	IT[3:2]=3 IT[7:4]=4                     	
0000DEAD	ROM:sub_ADD6+4C         	STRMI           R2, [R0,#0x24]  	IT[3:2]=2 IT[7:4]=5                     	
0000DEAD	ROM:sub_ADD6+4E         	STRPL           R2, [R0,#0x28]  	IT[3:2]=0 IT[7:4]=0                     	
0000DEAD	ROM:sub_ADD6+50         	LSLS            R1, R1, #0x1D   	R1=00000000                             	
0000DEAD	ROM:sub_ADD6+52         	BPL             loc_AE2E        	                                        	
0000DEAD	ROM:sub_ADD6:loc_AE2E   	STR             R2, [R0,#0x38]  	                                        	
0000DEAD	ROM:sub_ADD6+5A         	BX              LR              	                                        	
0000DEAD	ROM:sub_B0D2+14         	MOVS            R1, #8          	R1=00000008 Z=0                         	
0000DEAD	ROM:sub_B0D2+16         	MOVS            R0, #5          	R0=00000005                             	
0000DEAD	ROM:sub_B0D2+18         	BL              sub_ADD6        	R0=400E1000 R1=00000000 R2=00000020 LR=0000B0EF C=1 Z=1	
0000DEAD	ROM:sub_B0D2+1C         	MOVS            R1, #0x10       	R1=00000010 Z=0                         	
0000DEAD	ROM:sub_B0D2+1E         	MOVS            R0, #0x4E ; 'N' 	R0=0000004E                             	
0000DEAD	ROM:sub_B0D2+20         	BL              sub_ADD6        	R0=400E1400 R1=00000000 R2=00004000 LR=0000B0F7 C=0 Z=1	
0000DEAD	ROM:sub_B0D2+24         	BL              sub_CAB2        	LR=0000B0FB                             	
0000DEAD	ROM:sub_CAB2            	MRS.W           R0, PRIMASK     	R0=00000000                             	
0000DEAD	ROM:sub_CAB2+4          	SUBS            R0, R0, #1      	R0=FFFFFFFF Z=0 N=1                     	
0000DEAD	ROM:sub_CAB2+6          	SBCS            R0, R0          	                                        	
0000DEAD	ROM:sub_CAB2+8          	LSRS            R0, R0, #0x1F   	R0=00000001 C=1 N=0                     	
0000DEAD	ROM:sub_CAB2+A          	CPSID           I               	PRIMASK=00000001                        	
0000DEAD	ROM:sub_CAB2+C          	DMB.W           SY              	                                        	
0000DEAD	ROM:sub_CAB2+10         	LDR             R1, =unk_200003A5	R1=200003A5                             	
0000DEAD	ROM:sub_CAB2+12         	LDR.W           R12, =0xAA000024	R12=AA000024                            	
0000DEAD	ROM:sub_CAB2+16         	MOVS            R2, #0          	R2=00000000 Z=1                         	
0000DEAD	ROM:sub_CAB2+18         	STRB            R2, [R1]        	                                        	
0000DEAD	ROM:sub_CAB2+1A         	LDR             R2, =unk_400F0418	R2=400F0418                             	
0000DEAD	ROM:sub_CAB2+1C         	LDR             R3, [R2,#(unk_400F0424 - 0x400F0418)]	R3=00000085                             	
0000DEAD	ROM:sub_CAB2+1E         	STR.W           R12, [R2]       	                                        	
0000DEAD	ROM:sub_CAB2+22         	ORR.W           R3, R3, #5      	                                        	
0000DEAD	ROM:sub_CAB2+26         	STR             R3, [R2,#(unk_400F0424 - 0x400F0418)]	                                        	
0000DEAD	ROM:sub_CAB2+28         	CBZ             R0, locret_CAE6 	                                        	
0000DEAD	ROM:sub_CAB2+2A         	MOVS            R0, #1          	Z=0                                     	
0000DEAD	ROM:sub_CAB2+2C         	STRB            R0, [R1]        	                                        	
0000DEAD	ROM:sub_CAB2+2E         	DMB.W           SY              	                                        	
0000DEAD	ROM:sub_CAB2+32         	CPSIE           I               	PRIMASK=00000000                        	
0000DEAD	ROM:sub_CAB2:locret_CAE6	BX              LR              	                                        	
0000DEAD	ROM:sub_B0D2+28         	LDR.W           R1, =unk_200003A5	                                        	
0000DEAD	ROM:sub_B0D2+2C         	MOVS            R0, #1          	                                        	
0000DEAD	ROM:sub_B0D2+2E         	STRB            R0, [R1]        	                                        	
0000DEAD	ROM:sub_B0D2+30         	DMB.W           SY              	                                        	
0000DEAD	ROM:sub_B0D2+34         	CPSIE           I               	                                        	
0000DEAD	ROM:sub_B0D2+36         	MOVS            R0, #0x10       	R0=00000010                             	
0000DEAD	ROM:sub_B0D2+38         	BL              sub_C5E0        	LR=0000B10F                             	
0000DEAD	ROM:sub_C5E0            	PUSH            {R4,R5,LR}      	SP=2000137C MSP=2000137C                	
0000DEAD	ROM:sub_C5E0+2          	MOV             R4, R0          	R4=00000010                             	
0000DEAD	ROM:sub_C5E0+4          	LDR             R5, =unk_20000D78	R5=20000D78                             	
0000DEAD	ROM:sub_C5E0+6          	SUB             SP, SP, #4      	SP=20001378 MSP=20001378                	
0000DEAD	ROM:sub_C5E0+8          	MOV             R0, R5          	R0=20000D78                             	
0000DEAD	ROM:sub_C5E0+A          	BL              sub_F97C        	LR=0000C5EF                             	
0000DEAD	ROM:sub_F97C            	MOVS            R1, #0          	R1=00000000 Z=1                         	
0000DEAD	ROM:sub_F97C+2          	STR             R1, [R0]        	                                        	
0000DEAD	ROM:sub_F97C+4          	STR             R1, [R0,#4]     	                                        	
0000DEAD	ROM:sub_F97C+6          	MOVS            R1, #0x10       	R1=00000010 Z=0                         	
0000DEAD	ROM:sub_F97C+8          	STRB            R1, [R0,#8]     	                                        	
0000DEAD	ROM:sub_F97C+A          	MOVS            R1, #0          	R1=00000000 Z=1                         	
0000DEAD	ROM:sub_F97C+C          	STRB            R1, [R0,#9]     	                                        	
0000DEAD	ROM:sub_F97C+E          	MOVS            R1, #1          	R1=00000001 Z=0                         	
0000DEAD	ROM:sub_F97C+10         	STRB            R1, [R0,#0xA]   	                                        	
0000DEAD	ROM:sub_F97C+12         	STRB            R1, [R0,#0xB]   	                                        	
0000DEAD	ROM:sub_F97C+14         	MOVS            R1, #0          	R1=00000000 Z=1                         	
0000DEAD	ROM:sub_F97C+16         	STRB            R1, [R0,#0xC]   	                                        	
0000DEAD	ROM:sub_F97C+18         	BX              LR              	                                        	
0000DEAD	ROM:sub_C5E0+E          	STRB            R4, [R5,#(unk_20000D80 - 0x20000D78)]	                                        	
0000DEAD	ROM:sub_C5E0+10         	MOV             R2, R5          	R2=20000D78                             	
0000DEAD	ROM:sub_C5E0+12         	LDR             R1, =0x400F0C00 	R1=400F0C00                             	
0000DEAD	ROM:sub_C5E0+14         	ADD.W           R0, R5, #0x10   	R0=20000D88                             	
0000DEAD	ROM:sub_C5E0+18         	BL              sub_F996        	LR=0000C5FD                             	
0000DEAD	ROM:sub_F996            	PUSH            {R4,R5,LR}      	SP=2000136C MSP=2000136C                	
0000DEAD	ROM:sub_F996+2          	SUB             SP, SP, #4      	SP=20001368 MSP=20001368                	
0000DEAD	ROM:sub_F996+4          	MOV             R4, R1          	R4=400F0C00                             	
0000DEAD	ROM:sub_F996+6          	MOV             R5, R2          	                                        	
0000DEAD	ROM:sub_F996+8          	STR             R4, [R0]        	                                        	
0000DEAD	ROM:sub_F996+A          	STR             R5, [R0,#4]     	                                        	
0000DEAD	ROM:sub_F996+C          	MOV             R0, R4          	R0=400F0C00                             	
0000DEAD	ROM:sub_F996+E          	BL              sub_CF3A        	LR=0000F9A9                             	
0000DEAD	ROM:sub_CF3A            	PUSH            {R4-R6,LR}      	SP=20001358 MSP=20001358                	
0000DEAD	ROM:sub_CF3A+2          	CMP.W           R0, #0x40004000 	Z=0                                     	
0000DEAD	ROM:sub_CF3A+6          	BEQ.W           loc_D0EA        	                                        	
0000DEAD	ROM:sub_CF3A+A          	LDR.W           R1, =0x40008000 	R1=40008000                             	
0000DEAD	ROM:sub_CF3A+E          	CMP             R0, R1          	                                        	
0000DEAD	ROM:sub_CF3A+10         	BEQ.W           loc_D0F2        	                                        	
0000DEAD	ROM:sub_CF3A+14         	LDR.W           R1, =0x40010000 	R1=40010000                             	
0000DEAD	ROM:sub_CF3A+18         	CMP             R0, R1          	                                        	
0000DEAD	ROM:sub_CF3A+1A         	BEQ.W           loc_D0F6        	                                        	
0000DEAD	ROM:sub_CF3A+1E         	LDR.W           R1, =0x40014000 	R1=40014000                             	
0000DEAD	ROM:sub_CF3A+22         	CMP             R0, R1          	                                        	
0000DEAD	ROM:sub_CF3A+24         	BEQ.W           loc_D110        	                                        	
0000DEAD	ROM:sub_CF3A+28         	LDR.W           R1, =0x40018000 	R1=40018000                             	
0000DEAD	ROM:sub_CF3A+2C         	CMP             R0, R1          	                                        	
0000DEAD	ROM:sub_CF3A+2E         	BEQ.W           loc_D114        	                                        	
0000DEAD	ROM:sub_CF3A+32         	LDR.W           R1, =0x40018400 	R1=40018400                             	
0000DEAD	ROM:sub_CF3A+36         	CMP             R0, R1          	                                        	
0000DEAD	ROM:sub_CF3A+38         	BEQ.W           loc_D118        	                                        	
0000DEAD	ROM:sub_CF3A+3C         	LDR.W           R1, =0x4001C000 	R1=4001C000                             	
0000DEAD	ROM:sub_CF3A+40         	CMP             R0, R1          	                                        	
0000DEAD	ROM:sub_CF3A+42         	BEQ.W           loc_D11C        	                                        	
0000DEAD	ROM:sub_CF3A+46         	LDR.W           R1, =0x4001C400 	R1=4001C400                             	
0000DEAD	ROM:sub_CF3A+4A         	CMP             R0, R1          	                                        	
0000DEAD	ROM:sub_CF3A+4C         	BEQ.W           loc_D120        	                                        	
0000DEAD	ROM:sub_CF3A+50         	LDR.W           R1, =0x40024000 	R1=40024000                             	
0000DEAD	ROM:sub_CF3A+54         	CMP             R0, R1          	                                        	
0000DEAD	ROM:sub_CF3A+56         	BEQ.W           loc_D124        	                                        	
0000DEAD	ROM:sub_CF3A+5A         	LDR.W           R1, =0x40028000 	R1=40028000                             	
0000DEAD	ROM:sub_CF3A+5E         	CMP             R0, R1          	                                        	
0000DEAD	ROM:sub_CF3A+60         	BEQ.W           loc_D13E        	                                        	
0000DEAD	ROM:sub_CF3A+64         	LDR.W           R1, =0x4002C000 	R1=4002C000                             	
0000DEAD	ROM:sub_CF3A+68         	CMP             R0, R1          	                                        	
0000DEAD	ROM:sub_CF3A+6A         	BEQ.W           loc_D158        	                                        	
0000DEAD	ROM:sub_CF3A+6E         	LDR.W           R1, =0x40030000 	R1=40030000                             	
0000DEAD	ROM:sub_CF3A+72         	CMP             R0, R1          	                                        	
0000DEAD	ROM:sub_CF3A+74         	BEQ.W           loc_D172        	                                        	
0000DEAD	ROM:sub_CF3A+78         	LDR.W           R1, =0x40038000 	R1=40038000                             	
0000DEAD	ROM:sub_CF3A+7C         	CMP             R0, R1          	                                        	
0000DEAD	ROM:sub_CF3A+7E         	BEQ.W           loc_D18C        	                                        	
0000DEAD	ROM:sub_CF3A+82         	LDR.W           R1, =0x4003C000 	R1=4003C000                             	
0000DEAD	ROM:sub_CF3A+86         	CMP             R0, R1          	                                        	
0000DEAD	ROM:sub_CF3A+88         	BEQ.W           loc_D190        	                                        	
0000DEAD	ROM:sub_CF3A+8C         	LDR.W           R1, =0x40040000 	R1=40040000                             	
0000DEAD	ROM:sub_CF3A+90         	CMP             R0, R1          	                                        	
0000DEAD	ROM:sub_CF3A+92         	BEQ.W           loc_D194        	                                        	
0000DEAD	ROM:sub_CF3A+96         	LDR.W           R1, =0x40060000 	R1=40060000                             	
0000DEAD	ROM:sub_CF3A+9A         	CMP             R0, R1          	                                        	
0000DEAD	ROM:sub_CF3A+9C         	BEQ.W           loc_D198        	                                        	
0000DEAD	ROM:sub_CF3A+A0         	LDR.W           R1, =0x40064000 	R1=40064000                             	
0000DEAD	ROM:sub_CF3A+A4         	CMP             R0, R1          	                                        	
0000DEAD	ROM:sub_CF3A+A6         	BEQ.W           loc_D19C        	                                        	
0000DEAD	ROM:sub_CF3A+AA         	LDR.W           R1, =0x40068000 	R1=40068000                             	
0000DEAD	ROM:sub_CF3A+AE         	CMP             R0, R1          	                                        	
0000DEAD	ROM:sub_CF3A+B0         	BEQ.W           loc_D1A0        	                                        	
0000DEAD	ROM:sub_CF3A+B4         	LDR.W           R1, =0x4006C000 	R1=4006C000                             	
0000DEAD	ROM:sub_CF3A+B8         	CMP             R0, R1          	                                        	
0000DEAD	ROM:sub_CF3A+BA         	BEQ.W           loc_D1A4        	                                        	
0000DEAD	ROM:sub_CF3A+BE         	LDR.W           R1, =0x40070000 	R1=40070000                             	
0000DEAD	ROM:sub_CF3A+C2         	CMP             R0, R1          	                                        	
0000DEAD	ROM:sub_CF3A+C4         	BEQ.W           loc_D1A8        	                                        	
0000DEAD	ROM:sub_CF3A+C8         	LDR.W           R1, =0x40078000 	R1=40078000                             	
0000DEAD	ROM:sub_CF3A+CC         	CMP             R0, R1          	                                        	
0000DEAD	ROM:sub_CF3A+CE         	BEQ.W           loc_D1AC        	                                        	
0000DEAD	ROM:sub_CF3A+D2         	LDR.W           R1, =0x4007C000 	R1=4007C000                             	
0000DEAD	ROM:sub_CF3A+D6         	CMP             R0, R1          	                                        	
0000DEAD	ROM:sub_CF3A+D8         	BEQ.W           loc_D1B0        	                                        	
0000DEAD	ROM:sub_CF3A+DC         	LDR.W           R1, =0x40080000 	R1=40080000                             	
0000DEAD	ROM:sub_CF3A+E0         	CMP             R0, R1          	                                        	
0000DEAD	ROM:sub_CF3A+E2         	BEQ.W           loc_D1B4        	                                        	
0000DEAD	ROM:sub_CF3A+E6         	LDR.W           R1, =0x400A0000 	R1=400A0000                             	
0000DEAD	ROM:sub_CF3A+EA         	CMP             R0, R1          	                                        	
0000DEAD	ROM:sub_CF3A+EC         	BEQ.W           loc_D218        	                                        	
0000DEAD	ROM:sub_CF3A+F0         	LDR.W           R1, =0x400A0400 	R1=400A0400                             	
0000DEAD	ROM:sub_CF3A+F4         	CMP             R0, R1          	                                        	
0000DEAD	ROM:sub_CF3A+F6         	BEQ.W           loc_D228        	                                        	
0000DEAD	ROM:sub_CF3A+FA         	LDR.W           R1, =0x400A1000 	R1=400A1000                             	
0000DEAD	ROM:sub_CF3A+FE         	CMP             R0, R1          	                                        	
0000DEAD	ROM:sub_CF3A+100        	BEQ.W           loc_D234        	                                        	
0000DEAD	ROM:sub_CF3A+104        	LDR.W           R1, =0x400A2000 	R1=400A2000                             	
0000DEAD	ROM:sub_CF3A+108        	CMP             R0, R1          	                                        	
0000DEAD	ROM:sub_CF3A+10A        	BEQ.W           loc_D238        	                                        	
0000DEAD	ROM:sub_CF3A+10E        	LDR.W           R1, =0x400A4000 	R1=400A4000                             	
0000DEAD	ROM:sub_CF3A+112        	CMP             R0, R1          	                                        	
0000DEAD	ROM:sub_CF3A+114        	BEQ.W           loc_D244        	                                        	
0000DEAD	ROM:sub_CF3A+118        	LDR.W           R1, =0x400A5000 	R1=400A5000                             	
0000DEAD	ROM:sub_CF3A+11C        	CMP             R0, R1          	                                        	
0000DEAD	ROM:sub_CF3A+11E        	BEQ.W           loc_D250        	                                        	
0000DEAD	ROM:sub_CF3A+122        	LDR.W           R1, =0x400A6000 	R1=400A6000                             	
0000DEAD	ROM:sub_CF3A+126        	CMP             R0, R1          	                                        	
0000DEAD	ROM:sub_CF3A+128        	BEQ.W           loc_D25C        	                                        	
0000DEAD	ROM:sub_CF3A+12C        	LDR.W           R1, =0x400B0000 	R1=400B0000                             	
0000DEAD	ROM:sub_CF3A+130        	CMP             R0, R1          	                                        	
0000DEAD	ROM:sub_CF3A+132        	BEQ             loc_D0DE        	                                        	
0000DEAD	ROM:sub_CF3A+134        	LDR.W           R1, =unk_400E0000	R1=400E0000                             	
0000DEAD	ROM:sub_CF3A+138        	CMP             R0, R1          	                                        	
0000DEAD	ROM:sub_CF3A+13A        	BEQ.W           loc_D260        	                                        	
0000DEAD	ROM:sub_CF3A+13E        	LDR.W           R1, =0x400E0400 	R1=400E0400                             	
0000DEAD	ROM:sub_CF3A+142        	CMP             R0, R1          	                                        	
0000DEAD	ROM:sub_CF3A+144        	BEQ.W           loc_D266        	                                        	
0000DEAD	ROM:sub_CF3A+148        	LDR.W           R1, =0x400E0800 	R1=400E0800                             	
0000DEAD	ROM:sub_CF3A+14C        	CMP             R0, R1          	                                        	
0000DEAD	ROM:sub_CF3A+14E        	BEQ.W           loc_D26C        	                                        	
0000DEAD	ROM:sub_CF3A+152        	LDR.W           R1, =0x400E0C00 	R1=400E0C00                             	
0000DEAD	ROM:sub_CF3A+156        	CMP             R0, R1          	                                        	
0000DEAD	ROM:sub_CF3A+158        	BEQ.W           loc_D272        	                                        	
0000DEAD	ROM:sub_CF3A+15C        	LDR.W           R1, =0x400E1000 	R1=400E1000                             	
0000DEAD	ROM:sub_CF3A+160        	CMP             R0, R1          	                                        	
0000DEAD	ROM:sub_CF3A+162        	BEQ.W           loc_D278        	                                        	
0000DEAD	ROM:sub_CF3A+166        	LDR.W           R1, =0x400F0000 	R1=400F0000                             	
0000DEAD	ROM:sub_CF3A+16A        	CMP             R0, R1          	                                        	
0000DEAD	ROM:sub_CF3A+16C        	BEQ.W           loc_D27E        	                                        	
0000DEAD	ROM:sub_CF3A+170        	LDR.W           R1, =0x400F0400 	R1=400F0400                             	
0000DEAD	ROM:sub_CF3A+174        	CMP             R0, R1          	                                        	
0000DEAD	ROM:sub_CF3A+176        	BEQ.W           loc_D284        	                                        	
0000DEAD	ROM:sub_CF3A+17A        	LDR.W           R1, =0x400F0800 	R1=400F0800                             	
0000DEAD	ROM:sub_CF3A+17E        	CMP             R0, R1          	                                        	
0000DEAD	ROM:sub_CF3A+180        	BEQ.W           loc_D28A        	                                        	
0000DEAD	ROM:sub_CF3A+184        	LDR.W           R1, =0x400F0C00 	R1=400F0C00                             	
0000DEAD	ROM:sub_CF3A+188        	CMP             R0, R1          	Z=1                                     	
0000DEAD	ROM:sub_CF3A+18A        	BEQ.W           loc_D290        	                                        	
0000DEAD	ROM:sub_CF3A:loc_D290   	MOVS            R1, #3          	R1=00000003 Z=0                         	
0000DEAD	ROM:sub_CF3A+358        	MOVS            R0, #5          	R0=00000005                             	
0000DEAD	ROM:sub_CF3A+35A        	B               loc_D0E2        	                                        	
0000DEAD	ROM:sub_CF3A:loc_D0E2   	POP.W           {R4-R6,LR}      	SP=20001368 MSP=20001368                	
0000DEAD	ROM:sub_CF3A+1AC        	B               sub_CCE4        	                                        	
0000DEAD	ROM:sub_CCE4            	PUSH            {R4-R7}         	SP=20001358 MSP=20001358                	
0000DEAD	ROM:sub_CCE4+2          	MRS.W           R2, PRIMASK     	R2=00000000                             	
0000DEAD	ROM:sub_CCE4+6          	SUBS            R2, R2, #1      	R2=FFFFFFFF C=0 N=1                     	
0000DEAD	ROM:sub_CCE4+8          	SBCS            R2, R2          	                                        	
0000DEAD	ROM:sub_CCE4+A          	LSRS            R2, R2, #0x1F   	R2=00000001 C=1 N=0                     	
0000DEAD	ROM:sub_CCE4+C          	CPSID           I               	PRIMASK=00000001                        	
0000DEAD	ROM:sub_CCE4+E          	DMB.W           SY              	                                        	
0000DEAD	ROM:sub_CCE4+12         	LDR.W           R3, =unk_200003A5	R3=200003A5                             	
0000DEAD	ROM:sub_CCE4+16         	LDR.W           R7, =unk_400E0058	R7=400E0058                             	
0000DEAD	ROM:sub_CCE4+1A         	MOVS            R4, #0          	R4=00000000 Z=1                         	
0000DEAD	ROM:sub_CCE4+1C         	STRB            R4, [R3]        	                                        	
0000DEAD	ROM:sub_CCE4+1E         	LSLS            R6, R0, #2      	R6=00000014 C=0 Z=0                     	
0000DEAD	ROM:sub_CCE4+20         	LDR.W           R4, =0x400E0020 	R4=400E0020                             	
0000DEAD	ROM:sub_CCE4+24         	LDR.W           R5, [R4,R0,LSL#2]	R5=0000003F                             	
0000DEAD	ROM:sub_CCE4+28         	ADDS            R6, #0x20 ; ' ' 	R6=00000034                             	
0000DEAD	ROM:sub_CCE4+2A         	LSLS            R6, R6, #0x16   	R6=0D000000                             	
0000DEAD	ROM:sub_CCE4+2C         	LSRS            R6, R6, #0x16   	R6=00000034                             	
0000DEAD	ROM:sub_CCE4+2E         	ORR.W           R6, R6, #0xAA000000	R6=AA000034                             	
0000DEAD	ROM:sub_CCE4+32         	STR             R6, [R7]        	                                        	
0000DEAD	ROM:sub_CCE4+34         	MOVS            R6, #1          	R6=00000001                             	
0000DEAD	ROM:sub_CCE4+36         	LSL.W           R1, R6, R1      	R1=00000008                             	
0000DEAD	ROM:sub_CCE4+3A         	ORRS            R1, R5          	R1=0000003F                             	
0000DEAD	ROM:sub_CCE4+3C         	STR.W           R1, [R4,R0,LSL#2]	                                        	
0000DEAD	ROM:sub_CCE4+40         	CBZ             R2, loc_CD2E    	                                        	
0000DEAD	ROM:sub_CCE4+42         	STRB            R6, [R3]        	                                        	
0000DEAD	ROM:sub_CCE4+44         	DMB.W           SY              	                                        	
0000DEAD	ROM:sub_CCE4+48         	CPSIE           I               	PRIMASK=00000000                        	
0000DEAD	ROM:sub_CCE4:loc_CD2E   	POP             {R4-R7}         	R4=400F0C00 R5=20000D78 R6=00000000 R7=00000000 SP=20001368 MSP=20001368	
0000DEAD	ROM:sub_CCE4+4C         	BX              LR              	                                        	
0000DEAD	ROM:sub_F996+12         	LDR             R0, [R4]        	R0=00010080                             	
0000DEAD	ROM:sub_F996+14         	LSLS            R0, R0, #0x1C   	R0=00000000 Z=1                         	
0000DEAD	ROM:sub_F996+16         	IT MI                           	IT[3:2]=2 IT[7:4]=4                     	
0000DEAD	ROM:sub_F996+18         	MOVMI           R0, #0          	IT[3:2]=0 IT[7:4]=0                     	
0000DEAD	ROM:sub_F996+1A         	BMI.W           loc_FABC        	                                        	
0000DEAD	ROM:sub_F996+1E         	LDR             R0, [R4]        	R0=00010080                             	
0000DEAD	ROM:sub_F996+20         	LSLS            R0, R0, #0x1F   	R0=00000000                             	
0000DEAD	ROM:sub_F996+22         	BPL             loc_F9F0        	                                        	
0000DEAD	ROM:sub_F996:loc_F9F0   	LDR             R0, [R4]        	R0=00010080                             	
0000DEAD	ROM:sub_F996+5C         	LSLS            R0, R0, #0xF    	R0=80400000 Z=0 N=1                     	
0000DEAD	ROM:sub_F996+5E         	BPL             loc_FA2C        	                                        	
0000DEAD	ROM:sub_F996+60         	LDR             R0, [R4]        	R0=00010080                             	
0000DEAD	ROM:sub_F996+62         	BIC.W           R1, R0, #0x10000	R1=00000080                             	
0000DEAD	ROM:sub_F996+66         	LDR             R0, =unk_400F0C00	R0=400F0C00                             	
0000DEAD	ROM:sub_F996+68         	LDR             R2, [R0]        	R2=00010080                             	
0000DEAD	ROM:sub_F996+6A         	LSLS            R2, R2, #0xE    	R2=40200000 N=0                         	
0000DEAD	ROM:sub_F996+6C         	ITE PL                          	IT[3:2]=1 IT[7:4]=5                     	
0000DEAD	ROM:sub_F996+6E         	MOVPL           R2, #0x46 ; 'F' 	R2=00000046 IT[3:2]=2 IT[7:4]=4         	
0000DEAD	ROM:sub_F996+70         	MOVMI           R2, #0xF5       	IT[3:2]=0 IT[7:4]=0                     	
0000DEAD	ROM:sub_F996+72         	STR             R2, [SP,#0x10+var_10]	                                        	
0000DEAD	ROM:sub_F996+74         	LDR             R2, [SP,#0x10+var_10]	                                        	
0000DEAD	ROM:sub_F996+76         	LSRS            R2, R2, #3      	R2=00000008 C=1                         	
0000DEAD	ROM:sub_F996+78         	STR             R2, [SP,#0x10+var_10]	                                        	
0000DEAD	ROM:sub_F996:loc_FA10   	LDR             R2, [SP,#0x10+var_10]	                                        	
0000DEAD	ROM:sub_F996+7C         	SUBS            R3, R2, #1      	R3=00000007                             	
0000DEAD	ROM:sub_F996+7E         	STR             R3, [SP,#0x10+var_10]	                                        	
0000DEAD	ROM:sub_F996+80         	CMP             R2, #0          	                                        	
0000DEAD	ROM:sub_F996+82         	BNE             loc_FA10        	R2=00000000 R3=FFFFFFFF Z=1             	
0000DEAD	ROM:sub_F996+84         	ORR.W           R2, R1, #0x55000000	R2=55000080                             	
0000DEAD	ROM:sub_F996+88         	STR             R2, [R0]        	                                        	
0000DEAD	ROM:sub_F996+8A         	ORR.W           R1, R1, #0xAA000000	R1=AA000080                             	
0000DEAD	ROM:sub_F996+8E         	STR             R1, [R0]        	                                        	
0000DEAD	ROM:sub_F996:loc_FA26   	LDR             R0, [R4]        	R0=00000080                             	
0000DEAD	ROM:sub_F996+92         	LSLS            R0, R0, #0xF    	R0=00400000 C=0 Z=0                     	
0000DEAD	ROM:sub_F996+94         	BMI             loc_FA26        	                                        	
0000DEAD	ROM:sub_F996:loc_FA2C   	LDRB            R0, [R5,#0xA]   	R0=00000001                             	
0000DEAD	ROM:sub_F996+98         	CBZ             R0, loc_FA32    	                                        	
0000DEAD	ROM:sub_F996+9A         	MOVS            R0, #0x80       	R0=00000080                             	
0000DEAD	ROM:sub_F996:loc_FA32   	LDRB            R1, [R5,#0xB]   	R1=00000001                             	
0000DEAD	ROM:sub_F996+9E         	CBZ             R1, loc_FA38    	                                        	
0000DEAD	ROM:sub_F996+A0         	MOVS            R1, #2          	R1=00000002                             	
0000DEAD	ROM:sub_F996:loc_FA38   	LDR             R2, [R5]        	R2=00000000                             	
0000DEAD	ROM:sub_F996+A4         	LDR             R3, [R5,#4]     	R3=00000000                             	
0000DEAD	ROM:sub_F996+A6         	ORRS            R2, R3          	Z=1                                     	
0000DEAD	ROM:sub_F996+A8         	LDRB            R3, [R5,#8]     	R3=00000010                             	
0000DEAD	ROM:sub_F996+AA         	LSLS            R3, R3, #8      	R3=00001000 Z=0                         	
0000DEAD	ROM:sub_F996+AC         	AND.W           R3, R3, #0x1F00 	                                        	
0000DEAD	ROM:sub_F996+B0         	ORRS            R2, R3          	R2=00001000                             	
0000DEAD	ROM:sub_F996+B2         	LDRB            R3, [R5,#9]     	R3=00000000                             	
0000DEAD	ROM:sub_F996+B4         	LSLS            R3, R3, #0x12   	Z=1                                     	
0000DEAD	ROM:sub_F996+B6         	AND.W           R3, R3, #0x7C0000	                                        	
0000DEAD	ROM:sub_F996+BA         	ORRS            R2, R3          	Z=0                                     	
0000DEAD	ROM:sub_F996+BC         	ORRS            R0, R2          	R0=00001080                             	
0000DEAD	ROM:sub_F996+BE         	ORRS            R1, R0          	R1=00001082                             	
0000DEAD	ROM:sub_F996+C0         	LDR             R0, =unk_400F0C00	R0=400F0C00                             	
0000DEAD	ROM:sub_F996+C2         	LDR             R2, [R0]        	R2=00000080                             	
0000DEAD	ROM:sub_F996+C4         	LSLS            R2, R2, #0xE    	R2=00200000                             	
0000DEAD	ROM:sub_F996+C6         	ITE PL                          	IT[3:2]=1 IT[7:4]=5                     	
0000DEAD	ROM:sub_F996+C8         	MOVPL           R2, #0x46 ; 'F' 	R2=00000046 IT[3:2]=2 IT[7:4]=4         	
0000DEAD	ROM:sub_F996+CA         	MOVMI           R2, #0xF5       	IT[3:2]=0 IT[7:4]=0                     	
0000DEAD	ROM:sub_F996+CC         	STR             R2, [SP,#0x10+var_10]	                                        	
0000DEAD	ROM:sub_F996+CE         	LDR             R2, [SP,#0x10+var_10]	                                        	
0000DEAD	ROM:sub_F996+D0         	LSRS            R2, R2, #3      	R2=00000008 C=1                         	
0000DEAD	ROM:sub_F996+D2         	STR             R2, [SP,#0x10+var_10]	                                        	
0000DEAD	ROM:sub_F996:loc_FA6A   	LDR             R2, [SP,#0x10+var_10]	                                        	
0000DEAD	ROM:sub_F996+D6         	SUBS            R3, R2, #1      	R3=00000007                             	
0000DEAD	ROM:sub_F996+D8         	STR             R3, [SP,#0x10+var_10]	                                        	
0000DEAD	ROM:sub_F996+DA         	CMP             R2, #0          	                                        	
0000DEAD	ROM:sub_F996+DC         	BNE             loc_FA6A        	R2=00000000 R3=FFFFFFFF Z=1             	
0000DEAD	ROM:sub_F996+DE         	ORR.W           R2, R1, #0x55000000	R2=55001082                             	
0000DEAD	ROM:sub_F996+E2         	STR             R2, [R0]        	                                        	
0000DEAD	ROM:sub_F996+E4         	ORR.W           R1, R1, #0xAA000000	R1=AA001082                             	
0000DEAD	ROM:sub_F996+E8         	STR             R1, [R0]        	                                        	
0000DEAD	ROM:sub_F996+EA         	LDR             R1, [R4]        	R1=00001082                             	
0000DEAD	ROM:sub_F996+EC         	LDR             R2, [R0]        	R2=00001082                             	
0000DEAD	ROM:sub_F996+EE         	ORR.W           R1, R1, #0x10000	R1=00011082                             	
0000DEAD	ROM:sub_F996+F2         	LSLS            R2, R2, #0xE    	R2=04208000 C=0 Z=0                     	
0000DEAD	ROM:sub_F996+F4         	ITE PL                          	IT[3:2]=1 IT[7:4]=5                     	
0000DEAD	ROM:sub_F996+F6         	MOVPL           R2, #0x46 ; 'F' 	R2=00000046 IT[3:2]=2 IT[7:4]=4         	
0000DEAD	ROM:sub_F996+F8         	MOVMI           R2, #0xF5       	IT[3:2]=0 IT[7:4]=0                     	
0000DEAD	ROM:sub_F996+FA         	STR             R2, [SP,#0x10+var_10]	                                        	
0000DEAD	ROM:sub_F996+FC         	LDR             R2, [SP,#0x10+var_10]	                                        	
0000DEAD	ROM:sub_F996+FE         	LSRS            R2, R2, #3      	R2=00000008 C=1                         	
0000DEAD	ROM:sub_F996+100        	STR             R2, [SP,#0x10+var_10]	                                        	
0000DEAD	ROM:sub_F996:loc_FA98   	LDR             R2, [SP,#0x10+var_10]	                                        	
0000DEAD	ROM:sub_F996+104        	SUBS            R3, R2, #1      	R3=00000007                             	
0000DEAD	ROM:sub_F996+106        	STR             R3, [SP,#0x10+var_10]	                                        	
0000DEAD	ROM:sub_F996+108        	CMP             R2, #0          	                                        	
0000DEAD	ROM:sub_F996+10A        	BNE             loc_FA98        	R2=00000000 R3=FFFFFFFF Z=1             	
0000DEAD	ROM:sub_F996+10C        	ORR.W           R2, R1, #0x55000000	R2=55011082                             	
0000DEAD	ROM:sub_F996+110        	STR             R2, [R0]        	                                        	
0000DEAD	ROM:sub_F996+112        	ORR.W           R1, R1, #0xAA000000	R1=AA011082                             	
0000DEAD	ROM:sub_F996+116        	STR             R1, [R0]        	                                        	
0000DEAD	ROM:sub_F996:loc_FAAE   	LDR             R0, [R4]        	R0=00011082                             	
0000DEAD	ROM:sub_F996+11A        	LSLS            R0, R0, #0xF    	R0=88410000 C=0 Z=0 N=1                 	
0000DEAD	ROM:sub_F996+11C        	BPL             loc_FAAE        	                                        	
0000DEAD	ROM:sub_F996+11E        	MOV             R0, R4          	R0=400F0C00                             	
0000DEAD	ROM:sub_F996+120        	BL              sub_D2B4        	LR=0000FABB                             	
0000DEAD	ROM:sub_D2B4            	PUSH            {LR}            	SP=20001364 MSP=20001364                	
0000DEAD	ROM:sub_D2B4+2          	SUB             SP, SP, #4      	SP=20001360 MSP=20001360                	
0000DEAD	ROM:sub_D2B4+4          	CMP.W           R0, #0x40004000 	C=1 N=0                                 	
0000DEAD	ROM:sub_D2B4+8          	BEQ.W           loc_D47E        	                                        	
0000DEAD	ROM:sub_D2B4+C          	LDR.W           R1, =0x40008000 	R1=40008000                             	
0000DEAD	ROM:sub_D2B4+10         	CMP             R0, R1          	                                        	
0000DEAD	ROM:sub_D2B4+12         	BEQ.W           loc_D486        	                                        	
0000DEAD	ROM:sub_D2B4+16         	LDR.W           R1, =0x40010000 	R1=40010000                             	
0000DEAD	ROM:sub_D2B4+1A         	CMP             R0, R1          	                                        	
0000DEAD	ROM:sub_D2B4+1C         	BEQ.W           loc_D48A        	                                        	
0000DEAD	ROM:sub_D2B4+20         	LDR.W           R1, =0x40014000 	R1=40014000                             	
0000DEAD	ROM:sub_D2B4+24         	CMP             R0, R1          	                                        	
0000DEAD	ROM:sub_D2B4+26         	BEQ.W           loc_D48E        	                                        	
0000DEAD	ROM:sub_D2B4+2A         	LDR.W           R1, =0x40018000 	R1=40018000                             	
0000DEAD	ROM:sub_D2B4+2E         	CMP             R0, R1          	                                        	
0000DEAD	ROM:sub_D2B4+30         	BEQ.W           loc_D492        	                                        	
0000DEAD	ROM:sub_D2B4+34         	LDR.W           R1, =0x40018400 	R1=40018400                             	
0000DEAD	ROM:sub_D2B4+38         	CMP             R0, R1          	                                        	
0000DEAD	ROM:sub_D2B4+3A         	BEQ.W           loc_D496        	                                        	
0000DEAD	ROM:sub_D2B4+3E         	LDR.W           R1, =0x4001C000 	R1=4001C000                             	
0000DEAD	ROM:sub_D2B4+42         	CMP             R0, R1          	                                        	
0000DEAD	ROM:sub_D2B4+44         	BEQ.W           loc_D49A        	                                        	
0000DEAD	ROM:sub_D2B4+48         	LDR.W           R1, =0x4001C400 	R1=4001C400                             	
0000DEAD	ROM:sub_D2B4+4C         	CMP             R0, R1          	                                        	
0000DEAD	ROM:sub_D2B4+4E         	BEQ.W           loc_D49E        	                                        	
0000DEAD	ROM:sub_D2B4+52         	LDR.W           R1, =0x40024000 	R1=40024000                             	
0000DEAD	ROM:sub_D2B4+56         	CMP             R0, R1          	                                        	
0000DEAD	ROM:sub_D2B4+58         	BEQ.W           loc_D4A2        	                                        	
0000DEAD	ROM:sub_D2B4+5C         	LDR.W           R1, =0x40028000 	R1=40028000                             	
0000DEAD	ROM:sub_D2B4+60         	CMP             R0, R1          	                                        	
0000DEAD	ROM:sub_D2B4+62         	BEQ.W           loc_D4A6        	                                        	
0000DEAD	ROM:sub_D2B4+66         	LDR.W           R1, =0x4002C000 	R1=4002C000                             	
0000DEAD	ROM:sub_D2B4+6A         	CMP             R0, R1          	                                        	
0000DEAD	ROM:sub_D2B4+6C         	BEQ.W           loc_D4AA        	                                        	
0000DEAD	ROM:sub_D2B4+70         	LDR.W           R1, =0x40030000 	R1=40030000                             	
0000DEAD	ROM:sub_D2B4+74         	CMP             R0, R1          	                                        	
0000DEAD	ROM:sub_D2B4+76         	BEQ.W           loc_D4AE        	                                        	
0000DEAD	ROM:sub_D2B4+7A         	LDR.W           R1, =0x40038000 	R1=40038000                             	
0000DEAD	ROM:sub_D2B4+7E         	CMP             R0, R1          	                                        	
0000DEAD	ROM:sub_D2B4+80         	BEQ.W           loc_D4B2        	                                        	
0000DEAD	ROM:sub_D2B4+84         	LDR.W           R1, =0x4003C000 	R1=4003C000                             	
0000DEAD	ROM:sub_D2B4+88         	CMP             R0, R1          	                                        	
0000DEAD	ROM:sub_D2B4+8A         	BEQ.W           loc_D4B6        	                                        	
0000DEAD	ROM:sub_D2B4+8E         	LDR.W           R1, =0x40040000 	R1=40040000                             	
0000DEAD	ROM:sub_D2B4+92         	CMP             R0, R1          	                                        	
0000DEAD	ROM:sub_D2B4+94         	BEQ.W           loc_D4BA        	                                        	
0000DEAD	ROM:sub_D2B4+98         	LDR.W           R1, =0x40060000 	R1=40060000                             	
0000DEAD	ROM:sub_D2B4+9C         	CMP             R0, R1          	                                        	
0000DEAD	ROM:sub_D2B4+9E         	BEQ.W           loc_D4BE        	                                        	
0000DEAD	ROM:sub_D2B4+A2         	LDR.W           R1, =0x40064000 	R1=40064000                             	
0000DEAD	ROM:sub_D2B4+A6         	CMP             R0, R1          	                                        	
0000DEAD	ROM:sub_D2B4+A8         	BEQ.W           loc_D4C2        	                                        	
0000DEAD	ROM:sub_D2B4+AC         	LDR.W           R1, =0x40068000 	R1=40068000                             	
0000DEAD	ROM:sub_D2B4+B0         	CMP             R0, R1          	                                        	
0000DEAD	ROM:sub_D2B4+B2         	BEQ.W           loc_D4C6        	                                        	
0000DEAD	ROM:sub_D2B4+B6         	LDR.W           R1, =0x4006C000 	R1=4006C000                             	
0000DEAD	ROM:sub_D2B4+BA         	CMP             R0, R1          	                                        	
0000DEAD	ROM:sub_D2B4+BC         	BEQ.W           loc_D4CA        	                                        	
0000DEAD	ROM:sub_D2B4+C0         	LDR.W           R1, =0x40070000 	R1=40070000                             	
0000DEAD	ROM:sub_D2B4+C4         	CMP             R0, R1          	                                        	
0000DEAD	ROM:sub_D2B4+C6         	BEQ.W           loc_D4CE        	                                        	
0000DEAD	ROM:sub_D2B4+CA         	LDR.W           R1, =0x40078000 	R1=40078000                             	
0000DEAD	ROM:sub_D2B4+CE         	CMP             R0, R1          	                                        	
0000DEAD	ROM:sub_D2B4+D0         	BEQ.W           loc_D4D2        	                                        	
0000DEAD	ROM:sub_D2B4+D4         	LDR.W           R1, =0x4007C000 	R1=4007C000                             	
0000DEAD	ROM:sub_D2B4+D8         	CMP             R0, R1          	                                        	
0000DEAD	ROM:sub_D2B4+DA         	BEQ.W           loc_D4D6        	                                        	
0000DEAD	ROM:sub_D2B4+DE         	LDR.W           R1, =0x40080000 	R1=40080000                             	
0000DEAD	ROM:sub_D2B4+E2         	CMP             R0, R1          	                                        	
0000DEAD	ROM:sub_D2B4+E4         	BEQ.W           loc_D4DA        	                                        	
0000DEAD	ROM:sub_D2B4+E8         	LDR.W           R1, =0x400A0000 	R1=400A0000                             	
0000DEAD	ROM:sub_D2B4+EC         	CMP             R0, R1          	                                        	
0000DEAD	ROM:sub_D2B4+EE         	BEQ.W           loc_D4DE        	                                        	
0000DEAD	ROM:sub_D2B4+F2         	LDR.W           R1, =0x400A0400 	R1=400A0400                             	
0000DEAD	ROM:sub_D2B4+F6         	CMP             R0, R1          	                                        	
0000DEAD	ROM:sub_D2B4+F8         	BEQ.W           loc_D4E6        	                                        	
0000DEAD	ROM:sub_D2B4+FC         	LDR.W           R1, =0x400A1000 	R1=400A1000                             	
0000DEAD	ROM:sub_D2B4+100        	CMP             R0, R1          	                                        	
0000DEAD	ROM:sub_D2B4+102        	BEQ.W           loc_D4F2        	                                        	
0000DEAD	ROM:sub_D2B4+106        	LDR.W           R1, =0x400A2000 	R1=400A2000                             	
0000DEAD	ROM:sub_D2B4+10A        	CMP             R0, R1          	                                        	
0000DEAD	ROM:sub_D2B4+10C        	BEQ.W           loc_D4F6        	                                        	
0000DEAD	ROM:sub_D2B4+110        	LDR.W           R1, =0x400A4000 	R1=400A4000                             	
0000DEAD	ROM:sub_D2B4+114        	CMP             R0, R1          	                                        	
0000DEAD	ROM:sub_D2B4+116        	BEQ.W           loc_D502        	                                        	
0000DEAD	ROM:sub_D2B4+11A        	LDR.W           R1, =0x400A5000 	R1=400A5000                             	
0000DEAD	ROM:sub_D2B4+11E        	CMP             R0, R1          	                                        	
0000DEAD	ROM:sub_D2B4+120        	BEQ.W           loc_D50E        	                                        	
0000DEAD	ROM:sub_D2B4+124        	LDR.W           R1, =0x400A6000 	R1=400A6000                             	
0000DEAD	ROM:sub_D2B4+128        	CMP             R0, R1          	                                        	
0000DEAD	ROM:sub_D2B4+12A        	BEQ.W           loc_D51A        	                                        	
0000DEAD	ROM:sub_D2B4+12E        	LDR.W           R1, =0x400B0000 	R1=400B0000                             	
0000DEAD	ROM:sub_D2B4+132        	CMP             R0, R1          	                                        	
0000DEAD	ROM:sub_D2B4+134        	BEQ             loc_D45C        	                                        	
0000DEAD	ROM:sub_D2B4+136        	LDR.W           R1, =unk_400E0000	R1=400E0000                             	
0000DEAD	ROM:sub_D2B4+13A        	CMP             R0, R1          	                                        	
0000DEAD	ROM:sub_D2B4+13C        	BEQ.W           loc_D51E        	                                        	
0000DEAD	ROM:sub_D2B4+140        	LDR.W           R1, =0x400E0400 	R1=400E0400                             	
0000DEAD	ROM:sub_D2B4+144        	CMP             R0, R1          	                                        	
0000DEAD	ROM:sub_D2B4+146        	BEQ.W           loc_D524        	                                        	
0000DEAD	ROM:sub_D2B4+14A        	LDR.W           R1, =0x400E0800 	R1=400E0800                             	
0000DEAD	ROM:sub_D2B4+14E        	CMP             R0, R1          	                                        	
0000DEAD	ROM:sub_D2B4+150        	BEQ.W           loc_D52A        	                                        	
0000DEAD	ROM:sub_D2B4+154        	LDR.W           R1, =0x400E0C00 	R1=400E0C00                             	
0000DEAD	ROM:sub_D2B4+158        	CMP             R0, R1          	                                        	
0000DEAD	ROM:sub_D2B4+15A        	BEQ.W           loc_D530        	                                        	
0000DEAD	ROM:sub_D2B4+15E        	LDR.W           R1, =0x400E1000 	R1=400E1000                             	
0000DEAD	ROM:sub_D2B4+162        	CMP             R0, R1          	                                        	
0000DEAD	ROM:sub_D2B4+164        	BEQ.W           loc_D536        	                                        	
0000DEAD	ROM:sub_D2B4+168        	LDR.W           R1, =0x400F0000 	R1=400F0000                             	
0000DEAD	ROM:sub_D2B4+16C        	CMP             R0, R1          	                                        	
0000DEAD	ROM:sub_D2B4+16E        	BEQ.W           loc_D53C        	                                        	
0000DEAD	ROM:sub_D2B4+172        	LDR.W           R1, =0x400F0400 	R1=400F0400                             	
0000DEAD	ROM:sub_D2B4+176        	CMP             R0, R1          	                                        	
0000DEAD	ROM:sub_D2B4+178        	BEQ.W           loc_D542        	                                        	
0000DEAD	ROM:sub_D2B4+17C        	LDR.W           R1, =0x400F0800 	R1=400F0800                             	
0000DEAD	ROM:sub_D2B4+180        	CMP             R0, R1          	                                        	
0000DEAD	ROM:sub_D2B4+182        	BEQ.W           loc_D548        	                                        	
0000DEAD	ROM:sub_D2B4+186        	LDR.W           R1, =0x400F0C00 	R1=400F0C00                             	
0000DEAD	ROM:sub_D2B4+18A        	CMP             R0, R1          	Z=1                                     	
0000DEAD	ROM:sub_D2B4+18C        	BEQ.W           loc_D54E        	                                        	
0000DEAD	ROM:sub_D2B4:loc_D54E   	MOVS            R1, #3          	R1=00000003 Z=0                         	
0000DEAD	ROM:sub_D2B4+29C        	MOVS            R0, #5          	R0=00000005                             	
0000DEAD	ROM:sub_D2B4+29E        	B               loc_D460        	                                        	
0000DEAD	ROM:sub_D2B4:loc_D460   	BL              sub_CD32        	LR=0000D465                             	
0000DEAD	ROM:sub_CD32            	PUSH            {R4-R7}         	SP=20001350 MSP=20001350                	
0000DEAD	ROM:sub_CD32+2          	MRS.W           R2, PRIMASK     	R2=00000000                             	
0000DEAD	ROM:sub_CD32+6          	SUBS            R2, R2, #1      	R2=FFFFFFFF C=0 N=1                     	
0000DEAD	ROM:sub_CD32+8          	SBCS            R2, R2          	                                        	
0000DEAD	ROM:sub_CD32+A          	LSRS            R2, R2, #0x1F   	R2=00000001 C=1 N=0                     	
0000DEAD	ROM:sub_CD32+C          	CPSID           I               	PRIMASK=00000001                        	
0000DEAD	ROM:sub_CD32+E          	DMB.W           SY              	                                        	
0000DEAD	ROM:sub_CD32+12         	LDR.W           R3, =unk_200003A5	R3=200003A5                             	
0000DEAD	ROM:sub_CD32+16         	LDR.W           R7, =unk_400E0058	R7=400E0058                             	
0000DEAD	ROM:sub_CD32+1A         	MOVS            R4, #0          	R4=00000000 Z=1                         	
0000DEAD	ROM:sub_CD32+1C         	STRB            R4, [R3]        	                                        	
0000DEAD	ROM:sub_CD32+1E         	LSLS            R6, R0, #2      	R6=00000014 C=0 Z=0                     	
0000DEAD	ROM:sub_CD32+20         	LDR.W           R4, =0x400E0020 	R4=400E0020                             	
0000DEAD	ROM:sub_CD32+24         	LDR.W           R5, [R4,R0,LSL#2]	R5=0000003F                             	
0000DEAD	ROM:sub_CD32+28         	ADDS            R6, #0x20 ; ' ' 	R6=00000034                             	
0000DEAD	ROM:sub_CD32+2A         	LSLS            R6, R6, #0x16   	R6=0D000000                             	
0000DEAD	ROM:sub_CD32+2C         	LSRS            R6, R6, #0x16   	R6=00000034                             	
0000DEAD	ROM:sub_CD32+2E         	ORR.W           R6, R6, #0xAA000000	R6=AA000034                             	
0000DEAD	ROM:sub_CD32+32         	STR             R6, [R7]        	                                        	
0000DEAD	ROM:sub_CD32+34         	MOVS            R6, #1          	R6=00000001                             	
0000DEAD	ROM:sub_CD32+36         	LSL.W           R1, R6, R1      	R1=00000008                             	
0000DEAD	ROM:sub_CD32+3A         	BIC.W           R1, R5, R1      	R1=00000037                             	
0000DEAD	ROM:sub_CD32+3E         	STR.W           R1, [R4,R0,LSL#2]	                                        	
0000DEAD	ROM:sub_CD32+42         	CBZ             R2, loc_CD7E    	                                        	
0000DEAD	ROM:sub_CD32+44         	STRB            R6, [R3]        	                                        	
0000DEAD	ROM:sub_CD32+46         	DMB.W           SY              	                                        	
0000DEAD	ROM:sub_CD32+4A         	CPSIE           I               	PRIMASK=00000000                        	
0000DEAD	ROM:sub_CD32:loc_CD7E   	POP             {R4-R7}         	R4=400F0C00 R5=20000D78 R6=00000000 R7=00000000 SP=20001360 MSP=20001360	
0000DEAD	ROM:sub_CD32+4E         	BX              LR              	                                        	
0000DEAD	ROM:sub_D2B4:loc_D464   	LDR             R0, =unk_400E0028	R0=400E0028                             	
0000DEAD	ROM:sub_D2B4+1B2        	LDR             R1, [R0]        	R1=00000000                             	
0000DEAD	ROM:sub_D2B4+1B4        	TST.W           R1, #0xB        	Z=1                                     	
0000DEAD	ROM:sub_D2B4+1B8        	BNE             loc_D47A        	                                        	
0000DEAD	ROM:sub_D2B4+1BA        	LDR             R1, [R0,#(unk_400E0040 - 0x400E0028)]	                                        	
0000DEAD	ROM:sub_D2B4+1BC        	LDR             R2, =0xAA000040 	R2=AA000040                             	
0000DEAD	ROM:sub_D2B4+1BE        	STR             R2, [R0,#(unk_400E0058 - 0x400E0028)]	                                        	
0000DEAD	ROM:sub_D2B4+1C0        	LSRS            R1, R1, #7      	                                        	
0000DEAD	ROM:sub_D2B4+1C2        	LSLS            R1, R1, #7      	                                        	
0000DEAD	ROM:sub_D2B4+1C4        	STR             R1, [R0,#(unk_400E0040 - 0x400E0028)]	                                        	
0000DEAD	ROM:sub_D2B4:loc_D47A   	ADD             SP, SP, #4      	SP=20001364 MSP=20001364                	
0000DEAD	ROM:sub_D2B4+1C8        	POP             {PC}            	SP=20001368 MSP=20001368                	
0000DEAD	ROM:sub_F996+124        	MOVS            R0, #1          	R0=00000001 Z=0                         	
0000DEAD	ROM:sub_F996:loc_FABC   	ADD             SP, SP, #4      	SP=2000136C MSP=2000136C                	
0000DEAD	ROM:sub_F996+128        	POP             {R4,R5,PC}      	R4=00000010 SP=20001378 MSP=20001378    	
0000DEAD	ROM:sub_C5E0+1C         	ADD.W           R0, R5, #0x10   	R0=20000D88                             	
0000DEAD	ROM:sub_C5E0+20         	ADD             SP, SP, #4      	SP=2000137C MSP=2000137C                	
0000DEAD	ROM:sub_C5E0+22         	POP.W           {R4,R5,LR}      	R4=00004000 R5=0000004E SP=20001388 LR=0000B10F MSP=20001388	
0000DEAD	ROM:sub_C5E0+26         	B.W             sub_FAC0        	                                        	
0000DEAD	ROM:sub_FAC0            	PUSH            {R4}            	SP=20001384 MSP=20001384                	
0000DEAD	ROM:sub_FAC0+2          	SUB             SP, SP, #4      	SP=20001380 MSP=20001380                	
0000DEAD	ROM:sub_FAC0+4          	LDR             R0, [R0]        	R0=400F0C00                             	
0000DEAD	ROM:sub_FAC0+6          	LDR             R2, =unk_400F0C00	R2=400F0C00                             	
0000DEAD	ROM:sub_FAC0+8          	LDR             R1, [R0]        	R1=00011082                             	
0000DEAD	ROM:sub_FAC0+A          	LDR             R3, [R2]        	R3=00011082                             	
0000DEAD	ROM:sub_FAC0+C          	LSRS            R1, R1, #1      	R1=00008841                             	
0000DEAD	ROM:sub_FAC0+E          	LSLS            R1, R1, #1      	R1=00011082                             	
0000DEAD	ROM:sub_FAC0+10         	LSLS            R3, R3, #0xE    	R3=44208000                             	
0000DEAD	ROM:sub_FAC0+12         	ITE PL                          	IT[3:2]=1 IT[7:4]=5                     	
0000DEAD	ROM:sub_FAC0+14         	MOVPL           R3, #0x46 ; 'F' 	R3=00000046 IT[3:2]=2 IT[7:4]=4         	
0000DEAD	ROM:sub_FAC0+16         	MOVMI           R3, #0xF5       	IT[3:2]=0 IT[7:4]=0                     	
0000DEAD	ROM:sub_FAC0+18         	STR             R3, [SP,#8+var_8]	                                        	
0000DEAD	ROM:sub_FAC0+1A         	LDR             R3, [SP,#8+var_8]	                                        	
0000DEAD	ROM:sub_FAC0+1C         	LSRS            R3, R3, #3      	R3=00000008 C=1                         	
0000DEAD	ROM:sub_FAC0+1E         	STR             R3, [SP,#8+var_8]	                                        	
0000DEAD	ROM:sub_FAC0:loc_FAE0   	LDR             R3, [SP,#8+var_8]	                                        	
0000DEAD	ROM:sub_FAC0+22         	SUBS            R4, R3, #1      	R4=00000007                             	
0000DEAD	ROM:sub_FAC0+24         	STR             R4, [SP,#8+var_8]	                                        	
0000DEAD	ROM:sub_FAC0+26         	CMP             R3, #0          	                                        	
0000DEAD	ROM:sub_FAC0+28         	BNE             loc_FAE0        	R3=00000000 R4=FFFFFFFF Z=1             	
0000DEAD	ROM:sub_FAC0+2A         	ORR.W           R3, R1, #0x55000000	R3=55011082                             	
0000DEAD	ROM:sub_FAC0+2E         	STR             R3, [R2]        	                                        	
0000DEAD	ROM:sub_FAC0+30         	ORR.W           R1, R1, #0xAA000000	R1=AA011082                             	
0000DEAD	ROM:sub_FAC0+34         	STR             R1, [R2]        	                                        	
0000DEAD	ROM:sub_FAC0:loc_FAF6   	LDR             R1, [R0]        	R1=00011082                             	
0000DEAD	ROM:sub_FAC0+38         	LSLS            R1, R1, #0x1F   	R1=00000000                             	
0000DEAD	ROM:sub_FAC0+3A         	BMI             loc_FAF6        	                                        	
0000DEAD	ROM:sub_FAC0+3C         	ADD             SP, SP, #4      	SP=20001384 MSP=20001384                	
0000DEAD	ROM:sub_FAC0+3E         	POP             {R4}            	R4=00004000 SP=20001388 MSP=20001388    	
0000DEAD	ROM:sub_FAC0+40         	B.W             sub_D2B4        	R0=400E0028 R2=AA000040 R3=200003A5 LR=0000D465 C=0	
0000DEAD	ROM:sub_B0D2+3C         	LDR.W           R0, =0x400E1000 	R0=400E1000                             	
0000DEAD	ROM:sub_B0D2+40         	BL              sub_CF3A        	R1=400E1000 SP=20001378 LR=0000B117 C=1 MSP=20001378	
0000DEAD	ROM:sub_CF3A:loc_D278   	MOVS            R1, #4          	R1=00000004 Z=0                         	
0000DEAD	ROM:sub_CF3A+340        	MOVS            R0, #4          	R0=00000004                             	
0000DEAD	ROM:sub_CF3A+342        	B               loc_D0E2        	R1=0000001F R2=00000001 SP=20001388 C=0 MSP=20001388	
0000DEAD	ROM:sub_B0D2+44         	BL              sub_C60A        	LR=0000B11B                             	
0000DEAD	ROM:sub_C60A            	PUSH            {LR}            	SP=20001384 MSP=20001384                	
0000DEAD	ROM:sub_C60A+2          	SUB             SP, SP, #4      	SP=20001380 MSP=20001380                	
0000DEAD	ROM:sub_C60A+4          	MOVS            R1, #2          	R1=00000002                             	
0000DEAD	ROM:sub_C60A+6          	MOVS            R0, #0x21 ; '!' 	R0=00000021                             	
0000DEAD	ROM:sub_C60A+8          	BL              sub_C584        	LR=0000C617                             	
0000DEAD	ROM:sub_C584            	AND.W           R3, R0, #0x1F   	R3=00000001                             	
0000DEAD	ROM:sub_C584+4          	LSRS            R0, R0, #5      	R0=00000001                             	
0000DEAD	ROM:sub_C584+6          	MOVS            R2, #1          	                                        	
0000DEAD	ROM:sub_C584+8          	LSLS            R0, R0, #9      	R0=00000200                             	
0000DEAD	ROM:sub_C584+A          	LSLS            R2, R3          	R2=00000002                             	
0000DEAD	ROM:sub_C584+C          	ADD.W           R0, R0, #0x40000000	R0=40000200                             	
0000DEAD	ROM:sub_C584+10         	ADD.W           R0, R0, #0xE1000	R0=400E1200                             	
0000DEAD	ROM:sub_C584+14         	LSLS            R3, R1, #0x1C   	R3=20000000                             	
0000DEAD	ROM:sub_C584+16         	ITE MI                          	IT[3:2]=3 IT[7:4]=4                     	
0000DEAD	ROM:sub_C584+18         	STRMI           R2, [R0,#0x74]  	IT[3:2]=2 IT[7:4]=5                     	
0000DEAD	ROM:sub_C584+1A         	STRPL           R2, [R0,#0x78]  	IT[3:2]=0 IT[7:4]=0                     	
0000DEAD	ROM:sub_C584+1C         	LSLS            R3, R1, #0x1B   	R3=10000000                             	
0000DEAD	ROM:sub_C584+1E         	ITE MI                          	IT[3:2]=3 IT[7:4]=4                     	
0000DEAD	ROM:sub_C584+20         	STRMI.W         R2, [R0,#0x84]  	IT[3:2]=2 IT[7:4]=5                     	
0000DEAD	ROM:sub_C584+24         	STRPL.W         R2, [R0,#0x88]  	IT[3:2]=0 IT[7:4]=0                     	
0000DEAD	ROM:sub_C584+28         	LSLS            R3, R1, #0x19   	R3=04000000                             	
0000DEAD	ROM:sub_C584+2A         	ITE MI                          	IT[3:2]=3 IT[7:4]=4                     	
0000DEAD	ROM:sub_C584+2C         	STRMI.W         R2, [R0,#0xC4]  	IT[3:2]=2 IT[7:4]=5                     	
0000DEAD	ROM:sub_C584+30         	STRPL.W         R2, [R0,#0xC8]  	IT[3:2]=0 IT[7:4]=0                     	
0000DEAD	ROM:sub_C584+34         	LSLS            R3, R1, #0x18   	R3=02000000                             	
0000DEAD	ROM:sub_C584+36         	ITE MI                          	IT[3:2]=3 IT[7:4]=4                     	
0000DEAD	ROM:sub_C584+38         	STRMI.W         R2, [R0,#0x104] 	IT[3:2]=2 IT[7:4]=5                     	
0000DEAD	ROM:sub_C584+3C         	STRPL.W         R2, [R0,#0x108] 	IT[3:2]=0 IT[7:4]=0                     	
0000DEAD	ROM:sub_C584+40         	LSLS            R3, R1, #0x1F   	R3=00000000 C=1 Z=1                     	
0000DEAD	ROM:sub_C584+42         	ITE MI                          	IT[3:2]=3 IT[7:4]=4                     	
0000DEAD	ROM:sub_C584+44         	STRMI           R2, [R0,#0x14]  	IT[3:2]=2 IT[7:4]=5                     	
0000DEAD	ROM:sub_C584+46         	STRPL           R2, [R0,#0x18]  	IT[3:2]=0 IT[7:4]=0                     	
0000DEAD	ROM:sub_C584+48         	LSLS            R3, R1, #0x1E   	R3=80000000 C=0 Z=0 N=1                 	
0000DEAD	ROM:sub_C584+4A         	ITE MI                          	IT[3:2]=3 IT[7:4]=4                     	
0000DEAD	ROM:sub_C584+4C         	STRMI           R2, [R0,#0x24]  	IT[3:2]=2 IT[7:4]=5                     	
0000DEAD	ROM:sub_C584+4E         	STRPL           R2, [R0,#0x28]  	IT[3:2]=0 IT[7:4]=0                     	
0000DEAD	ROM:sub_C584+50         	LSLS            R1, R1, #0x1D   	R1=40000000 N=0                         	
0000DEAD	ROM:sub_C584+52         	BPL             loc_C5DC        	                                        	
0000DEAD	ROM:sub_C584:loc_C5DC   	STR             R2, [R0,#0x38]  	                                        	
0000DEAD	ROM:sub_C584+5A         	BX              LR              	                                        	
0000DEAD	ROM:sub_C60A+C          	LDR             R0, =unk_400E1008	R0=400E1008                             	
0000DEAD	ROM:sub_C60A+E          	MOVS            R1, #0x10       	R1=00000010                             	
0000DEAD	ROM:sub_C60A+10         	STR             R1, [R0,#(unk_400E1078 - 0x400E1008)]	                                        	
0000DEAD	ROM:sub_C60A+12         	STR.W           R1, [R0,#(unk_400E1088 - 0x400E1008)]	                                        	
0000DEAD	ROM:sub_C60A+16         	STR.W           R1, [R0,#(unk_400E10C8 - 0x400E1008)]	                                        	
0000DEAD	ROM:sub_C60A+1A         	STR.W           R1, [R0,#(unk_400E1108 - 0x400E1008)]	                                        	
0000DEAD	ROM:sub_C60A+1E         	STR             R1, [R0,#(unk_400E1018 - 0x400E1008)]	                                        	
0000DEAD	ROM:sub_C60A+20         	STR             R1, [R0,#(unk_400E1028 - 0x400E1008)]	                                        	
0000DEAD	ROM:sub_C60A+22         	STR             R1, [R0,#(unk_400E1038 - 0x400E1008)]	                                        	
0000DEAD	ROM:sub_C60A+24         	STR             R1, [R0]        	                                        	
0000DEAD	ROM:sub_C60A+26         	MOV.W           R1, #0x2000000  	R1=02000000                             	
0000DEAD	ROM:sub_C60A+2A         	STR             R1, [R0,#(unk_400E1078 - 0x400E1008)]	                                        	
0000DEAD	ROM:sub_C60A+2C         	STR.W           R1, [R0,#(unk_400E1088 - 0x400E1008)]	                                        	
0000DEAD	ROM:sub_C60A+30         	STR.W           R1, [R0,#(unk_400E10C8 - 0x400E1008)]	                                        	
0000DEAD	ROM:sub_C60A+34         	STR.W           R1, [R0,#(unk_400E1108 - 0x400E1008)]	                                        	
0000DEAD	ROM:sub_C60A+38         	STR             R1, [R0,#(unk_400E1018 - 0x400E1008)]	                                        	
0000DEAD	ROM:sub_C60A+3A         	STR             R1, [R0,#(unk_400E1028 - 0x400E1008)]	                                        	
0000DEAD	ROM:sub_C60A+3C         	STR             R1, [R0,#(unk_400E1038 - 0x400E1008)]	                                        	
0000DEAD	ROM:sub_C60A+3E         	STR             R1, [R0]        	                                        	
0000DEAD	ROM:sub_C60A+40         	MOV.W           R1, #0x4000000  	R1=04000000                             	
0000DEAD	ROM:sub_C60A+44         	STR             R1, [R0,#(unk_400E1078 - 0x400E1008)]	                                        	
0000DEAD	ROM:sub_C60A+46         	STR.W           R1, [R0,#(unk_400E1088 - 0x400E1008)]	                                        	
0000DEAD	ROM:sub_C60A+4A         	STR.W           R1, [R0,#(unk_400E10C8 - 0x400E1008)]	                                        	
0000DEAD	ROM:sub_C60A+4E         	STR.W           R1, [R0,#(unk_400E1108 - 0x400E1008)]	                                        	
0000DEAD	ROM:sub_C60A+52         	STR             R1, [R0,#(unk_400E1018 - 0x400E1008)]	                                        	
0000DEAD	ROM:sub_C60A+54         	STR             R1, [R0,#(unk_400E1028 - 0x400E1008)]	                                        	
0000DEAD	ROM:sub_C60A+56         	STR             R1, [R0,#(unk_400E1038 - 0x400E1008)]	                                        	
0000DEAD	ROM:sub_C60A+58         	STR             R1, [R0]        	                                        	
0000DEAD	ROM:sub_C60A+5A         	ADD             SP, SP, #4      	SP=20001384 MSP=20001384                	
0000DEAD	ROM:sub_C60A+5C         	POP             {PC}            	SP=20001388 MSP=20001388                	
0000DEAD	ROM:sub_B0D2+48         	MOVS            R1, #1          	R1=00000001                             	
0000DEAD	ROM:sub_B0D2+4A         	LDR.W           R4, =unk_400F0000	R4=400F0000                             	
0000DEAD	ROM:sub_B0D2+4E         	MOV             R0, R4          	R0=400F0000                             	
0000DEAD	ROM:sub_B0D2+50         	BL              sub_C14E        	LR=0000B127                             	
0000DEAD	ROM:sub_C14E            	LDR             R2, [R0,#0x1C]  	R2=00010009                             	
0000DEAD	ROM:sub_C14E+2          	CMP             R1, #0          	C=1                                     	
0000DEAD	ROM:sub_C14E+4          	ITE EQ                          	IT[3:2]=3                               	
0000DEAD	ROM:sub_C14E+6          	BICEQ.W         R1, R2, #0x10000	IT[3:2]=2 IT[7:4]=1                     	
0000DEAD	ROM:sub_C14E+A          	ORRNE.W         R1, R2, #0x10000	R1=00010009 IT[3:2]=0 IT[7:4]=0         	
0000DEAD	ROM:sub_C14E+E          	LDR             R3, =unk_400F0018	R3=400F0018                             	
0000DEAD	ROM:sub_C14E+10         	LDR             R2, =0xAA00001C 	R2=AA00001C                             	
0000DEAD	ROM:sub_C14E+12         	STR             R2, [R3]        	                                        	
0000DEAD	ROM:sub_C14E+14         	STR             R1, [R0,#0x1C]  	                                        	
0000DEAD	ROM:sub_C14E+16         	BX              LR              	                                        	
0000DEAD	ROM:sub_B0D2+54         	MOVS            R0, #1          	R0=00000001                             	
0000DEAD	ROM:sub_B0D2+56         	STRB.W          R0, [SP,#0x18+var_14]	                                        	
0000DEAD	ROM:sub_B0D2+5A         	MOVS            R0, #0          	R0=00000000 Z=1                         	
0000DEAD	ROM:sub_B0D2+5C         	STRB.W          R0, [SP,#0x18+var_18]	                                        	
0000DEAD	ROM:sub_B0D2+60         	MOVS            R0, #1          	R0=00000001 Z=0                         	
0000DEAD	ROM:sub_B0D2+62         	STRB.W          R0, [SP,#0x18+var_16]	                                        	
0000DEAD	ROM:sub_B0D2+66         	MOVS            R0, #0          	R0=00000000 Z=1                         	
0000DEAD	ROM:sub_B0D2+68         	STRB.W          R0, [SP,#0x18+var_17]	                                        	
0000DEAD	ROM:sub_B0D2+6C         	MOVS            R0, #1          	R0=00000001 Z=0                         	
0000DEAD	ROM:sub_B0D2+6E         	STRB.W          R0, [SP,#0x18+var_15]	                                        	
0000DEAD	ROM:sub_B0D2+72         	ADD             R2, SP, #0x18+var_18	R2=20001388                             	
0000DEAD	ROM:sub_B0D2+74         	LDR.W           R5, =unk_400F1000	R5=400F1000                             	
0000DEAD	ROM:sub_B0D2+78         	MOVS            R1, #0          	R1=00000000 Z=1                         	
0000DEAD	ROM:sub_B0D2+7A         	MOV             R0, R5          	R0=400F1000                             	
0000DEAD	ROM:sub_B0D2+7C         	BL              sub_D684        	LR=0000B153                             	
0000DEAD	ROM:sub_D684            	MOVS            R3, #1          	R3=00000001 Z=0                         	
0000DEAD	ROM:sub_D684+2          	LSL.W           R1, R3, R1      	R1=00000001                             	
0000DEAD	ROM:sub_D684+6          	LDRB.W          R12, [R2]       	R12=00000000                            	
0000DEAD	ROM:sub_D684+A          	MVNS            R3, R1          	R3=FFFFFFFE N=1                         	
0000DEAD	ROM:sub_D684+C          	CMP.W           R12, #1         	C=0                                     	
0000DEAD	ROM:sub_D684+10         	LDR.W           R12, [R0,#0x14] 	                                        	
0000DEAD	ROM:sub_D684+14         	ITE EQ                          	IT[3:2]=3                               	
0000DEAD	ROM:sub_D684+16         	ORREQ.W         R12, R1, R12    	IT[3:2]=2 IT[7:4]=1                     	
0000DEAD	ROM:sub_D684+1A         	ANDNE.W         R12, R3, R12    	IT[3:2]=0 IT[7:4]=0                     	
0000DEAD	ROM:sub_D684+1E         	STR.W           R12, [R0,#0x14] 	                                        	
0000DEAD	ROM:sub_D684+22         	LDRB.W          R12, [R2,#1]    	                                        	
0000DEAD	ROM:sub_D684+26         	CMP.W           R12, #1         	                                        	
0000DEAD	ROM:sub_D684+2A         	LDR.W           R12, [R0,#0x18] 	                                        	
0000DEAD	ROM:sub_D684+2E         	ITE EQ                          	IT[3:2]=3                               	
0000DEAD	ROM:sub_D684+30         	ORREQ.W         R12, R1, R12    	IT[3:2]=2 IT[7:4]=1                     	
0000DEAD	ROM:sub_D684+34         	ANDNE.W         R12, R3, R12    	IT[3:2]=0 IT[7:4]=0                     	
0000DEAD	ROM:sub_D684+38         	STR.W           R12, [R0,#0x18] 	                                        	
0000DEAD	ROM:sub_D684+3C         	LDRB.W          R12, [R2,#2]    	R12=00000001                            	
0000DEAD	ROM:sub_D684+40         	CMP.W           R12, #1         	C=1 Z=1 N=0                             	
0000DEAD	ROM:sub_D684+44         	LDR.W           R12, [R0,#0x1C] 	R12=00000000                            	
0000DEAD	ROM:sub_D684+48         	ITE EQ                          	IT[3:2]=3                               	
0000DEAD	ROM:sub_D684+4A         	ORREQ.W         R12, R1, R12    	R12=00000001 IT[3:2]=2 IT[7:4]=1        	
0000DEAD	ROM:sub_D684+4E         	ANDNE.W         R12, R3, R12    	IT[3:2]=0 IT[7:4]=0                     	
0000DEAD	ROM:sub_D684+52         	STR.W           R12, [R0,#0x1C] 	                                        	
0000DEAD	ROM:sub_D684+56         	LDRB.W          R12, [R2,#3]    	                                        	
0000DEAD	ROM:sub_D684+5A         	CMP.W           R12, #1         	                                        	
0000DEAD	ROM:sub_D684+5E         	LDR.W           R12, [R0,#0x20] 	R12=00000000                            	
0000DEAD	ROM:sub_D684+62         	ITE EQ                          	IT[3:2]=3                               	
0000DEAD	ROM:sub_D684+64         	ORREQ.W         R12, R1, R12    	R12=00000001 IT[3:2]=2 IT[7:4]=1        	
0000DEAD	ROM:sub_D684+68         	ANDNE.W         R12, R3, R12    	IT[3:2]=0 IT[7:4]=0                     	
0000DEAD	ROM:sub_D684+6C         	STR.W           R12, [R0,#0x20] 	                                        	
0000DEAD	ROM:sub_D684+70         	LDRB            R2, [R2,#4]     	R2=00000001                             	
0000DEAD	ROM:sub_D684+72         	CMP             R2, #1          	                                        	
0000DEAD	ROM:sub_D684+74         	ITTEE EQ                        	IT[3:2]=1 IT[1:0]=3                     	
0000DEAD	ROM:sub_D684+76         	LDREQ           R2, [R0,#0x28]  	R2=00000000 IT[3:2]=3 IT[1:0]=2         	
0000DEAD	ROM:sub_D684+78         	ORREQ           R1, R2          	IT[7:4]=1 IT[1:0]=0                     	
0000DEAD	ROM:sub_D684+7A         	LDRNE           R1, [R0,#0x28]  	IT[3:2]=2                               	
0000DEAD	ROM:sub_D684+7C         	ANDNE           R1, R3          	IT[3:2]=0 IT[7:4]=0                     	
0000DEAD	ROM:sub_D684+7E         	STR             R1, [R0,#0x28]  	                                        	
0000DEAD	ROM:sub_D684+80         	BX              LR              	                                        	
0000DEAD	ROM:sub_B0D2+80         	MOV             R0, R5          	                                        	
0000DEAD	ROM:sub_B0D2+82         	BL              sub_D706        	LR=0000B159                             	
0000DEAD	ROM:sub_D706            	B.W             sub_CF3A        	R1=400F0C00 SP=20001378 Z=0 MSP=20001378	
0000DEAD	ROM:sub_CF3A+18E        	LDR.W           R1, =0x400F1000 	R1=400F1000                             	
0000DEAD	ROM:sub_CF3A+192        	CMP             R0, R1          	Z=1                                     	
0000DEAD	ROM:sub_CF3A+194        	BEQ.W           loc_D296        	                                        	
0000DEAD	ROM:sub_CF3A:loc_D296   	MOVS            R1, #4          	R1=00000004 Z=0                         	
0000DEAD	ROM:sub_CF3A+35E        	MOVS            R0, #5          	R0=00000005                             	
0000DEAD	ROM:sub_CF3A+360        	B               loc_D0E2        	R1=00000037 R2=00000001 R3=200003A5 SP=20001388 C=0 MSP=20001388	
0000DEAD	ROM:sub_B0D2+86         	MOVS            R0, #1          	R0=00000001                             	
0000DEAD	ROM:sub_B0D2+88         	STR             R0, [R5,#(unk_400F1030 - 0x400F1000)]	                                        	
0000DEAD	ROM:sub_B0D2+8A         	MOV             R0, R4          	R0=400F0000                             	
0000DEAD	ROM:sub_B0D2+8C         	BL              sub_C13E        	LR=0000B163                             	
0000DEAD	ROM:sub_C13E            	LDR             R1, [R0,#0x1C]  	R1=00010009                             	
0000DEAD	ROM:sub_C13E+2          	LDR             R3, =unk_400F0018	R3=400F0018                             	
0000DEAD	ROM:sub_C13E+4          	LDR             R2, =0xAA00001C 	R2=AA00001C                             	
0000DEAD	ROM:sub_C13E+6          	STR             R2, [R3]        	                                        	
0000DEAD	ROM:sub_C13E+8          	ORR.W           R1, R1, #0x1000000	R1=01010009                             	
0000DEAD	ROM:sub_C13E+C          	STR             R1, [R0,#0x1C]  	                                        	
0000DEAD	ROM:sub_C13E+E          	BX              LR              	                                        	
0000DEAD	ROM:sub_B0D2+90         	LDR.W           R4, =unk_20000DA8	R4=20000DA8                             	
0000DEAD	ROM:sub_B0D2+94         	MOVS            R1, #7          	R1=00000007                             	
0000DEAD	ROM:sub_B0D2+96         	MOV             R0, R4          	R0=20000DA8                             	
0000DEAD	ROM:sub_B0D2+98         	BL              sub_D70C        	LR=0000B16F                             	
0000DEAD	ROM:sub_D70C            	MOVS            R2, #0          	R2=00000000 Z=1                         	
0000DEAD	ROM:sub_D70C+2          	B.W             loc_FB08        	                                        	
0000DEAD	ROM:sub_D70C:loc_FB08   	ADDS            R0, R0, R1      	R0=20000DAF Z=0                         	
0000DEAD	ROM:sub_D70C+23FE       	ANDS.W          R3, R0, #3      	R3=00000003                             	
0000DEAD	ROM:sub_D70C+2402       	BEQ             loc_FB22        	                                        	
0000DEAD	ROM:sub_D70C+2404       	SUBS            R1, R1, R3      	R1=00000004 C=1                         	
0000DEAD	ROM:sub_D70C+2406       	BCC             loc_FB54        	                                        	
0000DEAD	ROM:sub_D70C+2408       	LSLS            R3, R3, #0x1F   	R3=80000000 N=1                         	
0000DEAD	ROM:sub_D70C+240A       	IT MI                           	IT[3:2]=2 IT[7:4]=4                     	
0000DEAD	ROM:sub_D70C+240C       	STRBMI.W        R2, [R0,#-1]!   	R0=20000DAE IT[3:2]=0 IT[7:4]=0         	
0000DEAD	ROM:sub_D70C+2410       	IT CS                           	IT[3:2]=2 IT[7:4]=2                     	
0000DEAD	ROM:sub_D70C+2412       	STRHCS.W        R2, [R0,#-2]!   	R0=20000DAC IT[3:2]=0 IT[7:4]=0         	
0000DEAD	ROM:sub_D70C:loc_FB22   	MOVS            R3, R2          	R3=00000000 Z=1 N=0                     	
0000DEAD	ROM:sub_D70C+2418       	PUSH            {R4,R5}         	SP=20001380 MSP=20001380                	
0000DEAD	ROM:sub_D70C+241A       	MOV             R4, R2          	R4=00000000                             	
0000DEAD	ROM:sub_D70C+241C       	MOV             R5, R2          	R5=00000000                             	
0000DEAD	ROM:sub_D70C:loc_FB2A   	SUBS            R1, #0x10       	R1=FFFFFFF4 C=0 Z=0 N=1                 	
0000DEAD	ROM:sub_D70C+2420       	IT CS                           	IT[3:2]=2 IT[7:4]=2                     	
0000DEAD	ROM:sub_D70C+2422       	STMDBCS.W       R0!, {R2-R5}    	IT[3:2]=0 IT[7:4]=0                     	
0000DEAD	ROM:sub_D70C+2426       	BHI             loc_FB2A        	                                        	
0000DEAD	ROM:sub_D70C+2428       	LSLS            R1, R1, #0x1D   	R1=80000000                             	
0000DEAD	ROM:sub_D70C+242A       	IT CS                           	IT[3:2]=2 IT[7:4]=2                     	
0000DEAD	ROM:sub_D70C+242C       	STMDBCS.W       R0!, {R2,R3}    	IT[3:2]=0 IT[7:4]=0                     	
0000DEAD	ROM:sub_D70C+2430       	IT MI                           	IT[3:2]=2 IT[7:4]=4                     	
0000DEAD	ROM:sub_D70C+2432       	STRMI.W         R2, [R0,#-4]!   	R0=20000DA8 IT[3:2]=0 IT[7:4]=0         	
0000DEAD	ROM:sub_D70C+2436       	LSLS            R1, R1, #2      	R1=00000000 Z=1 N=0                     	
0000DEAD	ROM:sub_D70C+2438       	IT CS                           	IT[3:2]=2 IT[7:4]=2                     	
0000DEAD	ROM:sub_D70C+243A       	STRHCS.W        R2, [R0,#-2]!   	IT[3:2]=0 IT[7:4]=0                     	
0000DEAD	ROM:sub_D70C+243E       	IT MI                           	IT[3:2]=2 IT[7:4]=4                     	
0000DEAD	ROM:sub_D70C+2440       	STRBMI.W        R2, [R0,#-1]!   	IT[3:2]=0 IT[7:4]=0                     	
0000DEAD	ROM:sub_D70C+2444       	POP             {R4,R5}         	R4=20000DA8 R5=400F1000 SP=20001388 MSP=20001388	
0000DEAD	ROM:sub_D70C+2446       	BX              LR              	                                        	
0000DEAD	ROM:sub_B0D2+9C         	MOVS            R0, #1          	R0=00000001 Z=0                         	
0000DEAD	ROM:sub_B0D2+9E         	STRB            R0, [R4,#(unk_20000DAF - 0x20000DA8)]	                                        	
0000DEAD	ROM:sub_B0D2+A0         	BL              sub_C214        	LR=0000B177                             	
0000DEAD	ROM:sub_C214            	PUSH            {R4,LR}         	SP=20001380 MSP=20001380                	
0000DEAD	ROM:sub_C214+2          	ADR.W           R0, unk_C2A0    	R0=0000C2A0                             	
0000DEAD	ROM:sub_C214+6          	ADR.W           R1, unk_C2AC    	R1=0000C2AC                             	
0000DEAD	ROM:sub_C214+A          	LDRD.W          R2, R3, [R0]    	R2=00020102 R3=00000018                 	
0000DEAD	ROM:sub_C214+E          	SUB             SP, SP, #0x18   	SP=20001368 MSP=20001368                	
0000DEAD	ROM:sub_C214+10         	ADR.W           R0, dword_C2A8  	R0=0000C2A8                             	
0000DEAD	ROM:sub_C214+14         	LDR             R0, [R0]        	R0=00108080                             	
0000DEAD	ROM:sub_C214+16         	STR             R0, [SP,#0x20+var_20]	                                        	
0000DEAD	ROM:sub_C214+18         	STRD.W          R2, R3, [SP,#0x20+var_10]	                                        	
0000DEAD	ROM:sub_C214+1C         	ADD             R0, SP, #0x20+var_1C	R0=2000136C                             	
0000DEAD	ROM:sub_C214+1E         	LDM             R1!, {R2-R4}    	R1=0000C2B8 R2=00000000 R3=0000003C R4=00000000	
0000DEAD	ROM:sub_C214+20         	STM             R0!, {R2-R4}    	R0=20001378                             	
0000DEAD	ROM:sub_C214+22         	ADD             R0, SP, #0x20+var_20	R0=20001368                             	
0000DEAD	ROM:sub_C214+24         	STR             R0, [SP,#0x20+var_1C]	                                        	
0000DEAD	ROM:sub_C214+26         	ADD             R2, SP, #0x20+var_10	R2=20001378                             	
0000DEAD	ROM:sub_C214+28         	LDR             R4, =unk_20000DA0	R4=20000DA0                             	
0000DEAD	ROM:sub_C214+2A         	LDR             R1, =0x40038000 	R1=40038000                             	
0000DEAD	ROM:sub_C214+2C         	MOV             R0, R4          	R0=20000DA0                             	
0000DEAD	ROM:sub_C214+2E         	BL              sub_F4B8        	LR=0000C247                             	
0000DEAD	ROM:sub_F4B8            	PUSH            {R4-R6,LR}      	SP=20001358 MSP=20001358                	
0000DEAD	ROM:sub_F4B8+2          	MOV             R4, R0          	                                        	
0000DEAD	ROM:sub_F4B8+4          	MOV             R5, R1          	R5=40038000                             	
0000DEAD	ROM:sub_F4B8+6          	MOV             R6, R2          	R6=20001378                             	
0000DEAD	ROM:sub_F4B8+8          	STR             R5, [R4]        	                                        	
0000DEAD	ROM:sub_F4B8+A          	STR             R6, [R4,#4]     	                                        	
0000DEAD	ROM:sub_F4B8+C          	MOV             R0, R5          	R0=40038000                             	
0000DEAD	ROM:sub_F4B8+E          	BL              sub_CF3A        	SP=20001348 LR=0000F4CB C=1 Z=1 MSP=20001348	
0000DEAD	ROM:sub_CF3A:loc_D18C   	MOVS            R0, #0xC        	R0=0000000C Z=0                         	
0000DEAD	ROM:sub_CF3A+254        	B               loc_D0EC        	                                        	
0000DEAD	ROM:sub_CF3A:loc_D0EC   	POP.W           {R4-R6,LR}      	SP=20001358 MSP=20001358                	
0000DEAD	ROM:sub_CF3A+1B6        	B               sub_CD82        	                                        	
0000DEAD	ROM:sub_CD82            	PUSH            {R4-R7,LR}      	SP=20001344 MSP=20001344                	
0000DEAD	ROM:sub_CD82+2          	MOV             R4, R0          	R4=0000000C                             	
0000DEAD	ROM:sub_CD82+4          	MRS.W           R0, PRIMASK     	R0=00000000                             	
0000DEAD	ROM:sub_CD82+8          	SUBS            R7, R0, #1      	R7=FFFFFFFF C=0 N=1                     	
0000DEAD	ROM:sub_CD82+A          	SBCS            R7, R7          	                                        	
0000DEAD	ROM:sub_CD82+C          	SUB             SP, SP, #4      	SP=20001340 MSP=20001340                	
0000DEAD	ROM:sub_CD82+E          	LSRS            R7, R7, #0x1F   	R7=00000001 C=1 N=0                     	
0000DEAD	ROM:sub_CD82+10         	CPSID           I               	PRIMASK=00000001                        	
0000DEAD	ROM:sub_CD82+12         	DMB.W           SY              	                                        	
0000DEAD	ROM:sub_CD82+16         	LDR.W           R5, =unk_200003A5	R5=200003A5                             	
0000DEAD	ROM:sub_CD82+1A         	LDR.W           R6, =unk_400E0028	R6=400E0028                             	
0000DEAD	ROM:sub_CD82+1E         	MOVS            R0, #0          	Z=1                                     	
0000DEAD	ROM:sub_CD82+20         	STRB            R0, [R5]        	                                        	
0000DEAD	ROM:sub_CD82+22         	LDR             R0, [R6]        	                                        	
0000DEAD	ROM:sub_CD82+24         	CBNZ            R0, loc_CDB0    	                                        	
0000DEAD	ROM:sub_CD82+26         	MOVS            R1, #5          	R1=00000005 Z=0                         	
0000DEAD	ROM:sub_CD82+28         	MOVS            R0, #1          	R0=00000001                             	
0000DEAD	ROM:sub_CD82+2A         	BL              sub_CCE4        	R1=000001E2 R2=00000000 R3=200003A5 LR=0000CDB1 C=0	
0000DEAD	ROM:sub_CD82:loc_CDB0   	CBZ             R7, loc_CDBC    	                                        	
0000DEAD	ROM:sub_CD82+30         	MOVS            R0, #1          	                                        	
0000DEAD	ROM:sub_CD82+32         	STRB            R0, [R5]        	                                        	
0000DEAD	ROM:sub_CD82+34         	DMB.W           SY              	                                        	
0000DEAD	ROM:sub_CD82+38         	CPSIE           I               	PRIMASK=00000000                        	
0000DEAD	ROM:sub_CD82:loc_CDBC   	MRS.W           R0, PRIMASK     	R0=00000000                             	
0000DEAD	ROM:sub_CD82+3E         	SUBS            R0, R0, #1      	R0=FFFFFFFF N=1                         	
0000DEAD	ROM:sub_CD82+40         	SBCS            R0, R0          	                                        	
0000DEAD	ROM:sub_CD82+42         	LSRS            R0, R0, #0x1F   	R0=00000001 C=1 N=0                     	
0000DEAD	ROM:sub_CD82+44         	CPSID           I               	PRIMASK=00000001                        	
0000DEAD	ROM:sub_CD82+46         	DMB.W           SY              	                                        	
0000DEAD	ROM:sub_CD82+4A         	MOVS            R1, #0          	R1=00000000 Z=1                         	
0000DEAD	ROM:sub_CD82+4C         	STRB            R1, [R5]        	                                        	
0000DEAD	ROM:sub_CD82+4E         	LDR.W           R2, =0xAA000028 	R2=AA000028                             	
0000DEAD	ROM:sub_CD82+52         	LDR             R1, [R6]        	                                        	
0000DEAD	ROM:sub_CD82+54         	STR             R2, [R6,#(unk_400E0058 - 0x400E0028)]	                                        	
0000DEAD	ROM:sub_CD82+56         	MOVS            R2, #1          	R2=00000001 Z=0                         	
0000DEAD	ROM:sub_CD82+58         	LSLS            R2, R4          	R2=00001000 C=0                         	
0000DEAD	ROM:sub_CD82+5A         	ORRS            R1, R2          	R1=00001000                             	
0000DEAD	ROM:sub_CD82+5C         	STR             R1, [R6]        	                                        	
0000DEAD	ROM:sub_CD82+5E         	CBZ             R0, loc_CDEC    	                                        	
0000DEAD	ROM:sub_CD82+60         	MOVS            R0, #1          	                                        	
0000DEAD	ROM:sub_CD82+62         	STRB            R0, [R5]        	                                        	
0000DEAD	ROM:sub_CD82+64         	DMB.W           SY              	                                        	
0000DEAD	ROM:sub_CD82+68         	CPSIE           I               	PRIMASK=00000000                        	
0000DEAD	ROM:sub_CD82:loc_CDEC   	ADD             SP, SP, #4      	SP=20001344 MSP=20001344                	
0000DEAD	ROM:sub_CD82+6C         	POP             {R4-R7,PC}      	R4=20000DA0 R5=40038000 R6=20001378 R7=00000000 SP=20001358 MSP=20001358	
0000DEAD	ROM:sub_F4B8+12         	MOV             R1, R6          	R1=20001378                             	
0000DEAD	ROM:sub_F4B8+14         	MOV             R0, R4          	R0=20000DA0                             	
0000DEAD	ROM:sub_F4B8+16         	BL              sub_F4DC        	LR=0000F4D3                             	
0000DEAD	ROM:sub_F4DC            	LDR             R0, [R0]        	R0=40038000                             	
0000DEAD	ROM:sub_F4DC+2          	MOVS            R2, #1          	R2=00000001                             	
0000DEAD	ROM:sub_F4DC+4          	STR             R2, [R0]        	                                        	
0000DEAD	ROM:sub_F4DC+6          	LDRB            R3, [R1,#2]     	R3=00000002                             	
0000DEAD	ROM:sub_F4DC+8          	LDRB            R2, [R1,#3]     	R2=00000000                             	
0000DEAD	ROM:sub_F4DC+A          	LSLS            R2, R2, #1      	Z=1                                     	
0000DEAD	ROM:sub_F4DC+C          	LSLS            R3, R3, #4      	R3=00000020 Z=0                         	
0000DEAD	ROM:sub_F4DC+E          	AND.W           R2, R2, #0xE    	                                        	
0000DEAD	ROM:sub_F4DC+12         	AND.W           R3, R3, #0x30   	                                        	
0000DEAD	ROM:sub_F4DC+16         	ORRS            R2, R3          	R2=00000020                             	
0000DEAD	ROM:sub_F4DC+18         	LDRB            R3, [R1]        	R3=00000002                             	
0000DEAD	ROM:sub_F4DC+1A         	LSLS            R3, R3, #8      	R3=00000200                             	
0000DEAD	ROM:sub_F4DC+1C         	AND.W           R3, R3, #0x700  	                                        	
0000DEAD	ROM:sub_F4DC+20         	ORRS            R2, R3          	R2=00000220                             	
0000DEAD	ROM:sub_F4DC+22         	STR             R2, [R0,#4]     	                                        	
0000DEAD	ROM:sub_F4DC+24         	LDRB            R2, [R1,#1]     	R2=00000001                             	
0000DEAD	ROM:sub_F4DC+26         	CBZ             R2, loc_F50E    	                                        	
0000DEAD	ROM:sub_F4DC+28         	LDR             R2, [R0,#4]     	R2=00000220                             	
0000DEAD	ROM:sub_F4DC+2A         	ORR.W           R2, R2, #0x40   	R2=00000260                             	
0000DEAD	ROM:sub_F4DC+2E         	STR             R2, [R0,#4]     	                                        	
0000DEAD	ROM:sub_F4DC+30         	B               loc_F516        	                                        	
0000DEAD	ROM:sub_F4DC:loc_F516   	LDRB            R1, [R1,#4]     	R1=00000018                             	
0000DEAD	ROM:sub_F4DC+3C         	AND.W           R1, R1, #0x1F   	                                        	
0000DEAD	ROM:sub_F4DC+40         	ORR.W           R1, R1, #0x100  	R1=00000118                             	
0000DEAD	ROM:sub_F4DC+44         	STR             R1, [R0,#0x1C]  	                                        	
0000DEAD	ROM:sub_F4DC+46         	BX              LR              	                                        	
0000DEAD	ROM:sub_F4B8+1A         	MOV             R0, R5          	                                        	
0000DEAD	ROM:sub_F4B8+1C         	BL              sub_D2B4        	R1=40038000 SP=20001350 LR=0000F4D9 C=1 Z=1 MSP=20001350	
0000DEAD	ROM:sub_D2B4:loc_D4B2   	MOVS            R0, #0xC        	R0=0000000C Z=0                         	
0000DEAD	ROM:sub_D2B4+200        	B               loc_D480        	                                        	
0000DEAD	ROM:sub_D2B4:loc_D480   	BL              sub_CDF0        	LR=0000D485                             	
0000DEAD	ROM:sub_CDF0            	PUSH            {R4,R5,LR}      	SP=20001344 MSP=20001344                	
0000DEAD	ROM:sub_CDF0+2          	MRS.W           R1, PRIMASK     	R1=00000000                             	
0000DEAD	ROM:sub_CDF0+6          	SUBS            R1, R1, #1      	R1=FFFFFFFF C=0 N=1                     	
0000DEAD	ROM:sub_CDF0+8          	SBCS            R1, R1          	                                        	
0000DEAD	ROM:sub_CDF0+A          	SUB             SP, SP, #4      	SP=20001340 MSP=20001340                	
0000DEAD	ROM:sub_CDF0+C          	LSRS            R1, R1, #0x1F   	R1=00000001 C=1 N=0                     	
0000DEAD	ROM:sub_CDF0+E          	CPSID           I               	PRIMASK=00000001                        	
0000DEAD	ROM:sub_CDF0+10         	DMB.W           SY              	                                        	
0000DEAD	ROM:sub_CDF0+14         	LDR.W           R4, =unk_200003A5	R4=200003A5                             	
0000DEAD	ROM:sub_CDF0+18         	LDR.W           R5, =0xAA000028 	R5=AA000028                             	
0000DEAD	ROM:sub_CDF0+1C         	MOVS            R2, #0          	R2=00000000 Z=1                         	
0000DEAD	ROM:sub_CDF0+1E         	STRB            R2, [R4]        	                                        	
0000DEAD	ROM:sub_CDF0+20         	LDR.W           R2, =unk_400E0028	R2=400E0028                             	
0000DEAD	ROM:sub_CDF0+24         	LDR             R3, [R2]        	R3=00001000                             	
0000DEAD	ROM:sub_CDF0+26         	STR             R5, [R2,#(unk_400E0058 - 0x400E0028)]	                                        	
0000DEAD	ROM:sub_CDF0+28         	MOVS            R5, #1          	R5=00000001 Z=0                         	
0000DEAD	ROM:sub_CDF0+2A         	LSL.W           R0, R5, R0      	R0=00001000                             	
0000DEAD	ROM:sub_CDF0+2E         	BIC.W           R0, R3, R0      	R0=00000000                             	
0000DEAD	ROM:sub_CDF0+32         	STR             R0, [R2]        	                                        	
0000DEAD	ROM:sub_CDF0+34         	CBZ             R1, loc_CE2E    	                                        	
0000DEAD	ROM:sub_CDF0+36         	STRB            R5, [R4]        	                                        	
0000DEAD	ROM:sub_CDF0+38         	DMB.W           SY              	                                        	
0000DEAD	ROM:sub_CDF0+3C         	CPSIE           I               	PRIMASK=00000000                        	
0000DEAD	ROM:sub_CDF0:loc_CE2E   	MRS.W           R0, PRIMASK     	                                        	
0000DEAD	ROM:sub_CDF0+42         	SUBS            R5, R0, #1      	R5=FFFFFFFF C=0 N=1                     	
0000DEAD	ROM:sub_CDF0+44         	SBCS            R5, R5          	                                        	
0000DEAD	ROM:sub_CDF0+46         	LSRS            R5, R5, #0x1F   	R5=00000001 C=1 N=0                     	
0000DEAD	ROM:sub_CDF0+48         	CPSID           I               	PRIMASK=00000001                        	
0000DEAD	ROM:sub_CDF0+4A         	DMB.W           SY              	                                        	
0000DEAD	ROM:sub_CDF0+4E         	MOVS            R0, #0          	Z=1                                     	
0000DEAD	ROM:sub_CDF0+50         	STRB            R0, [R4]        	                                        	
0000DEAD	ROM:sub_CDF0+52         	LDR             R0, [R2]        	                                        	
0000DEAD	ROM:sub_CDF0+54         	CBNZ            R0, loc_CE4E    	                                        	
0000DEAD	ROM:sub_CDF0+56         	MOVS            R1, #5          	R1=00000005 Z=0                         	
0000DEAD	ROM:sub_CDF0+58         	MOVS            R0, #1          	R0=00000001                             	
0000DEAD	ROM:sub_CDF0+5A         	BL              sub_CD32        	R1=000001C2 R2=00000000 R3=200003A5 LR=0000CE4F C=0	
0000DEAD	ROM:sub_CDF0:loc_CE4E   	CBZ             R5, loc_CE5A    	                                        	
0000DEAD	ROM:sub_CDF0+60         	MOVS            R0, #1          	                                        	
0000DEAD	ROM:sub_CDF0+62         	STRB            R0, [R4]        	                                        	
0000DEAD	ROM:sub_CDF0+64         	DMB.W           SY              	                                        	
0000DEAD	ROM:sub_CDF0+68         	CPSIE           I               	PRIMASK=00000000                        	
0000DEAD	ROM:sub_CDF0:loc_CE5A   	ADD             SP, SP, #4      	SP=20001344 MSP=20001344                	
0000DEAD	ROM:sub_CDF0+6C         	POP             {R4,R5,PC}      	R4=20000DA0 R5=40038000 SP=20001350 MSP=20001350	
0000DEAD	ROM:sub_D2B4+1D0        	B               loc_D464        	R0=400E0028 R1=00000000 R2=AA000040 SP=20001358 Z=1 MSP=20001358	
0000DEAD	ROM:sub_F4B8+20         	MOVS            R0, #0          	R0=00000000                             	
0000DEAD	ROM:sub_F4B8+22         	POP             {R4-R6,PC}      	R5=400F1000 R6=00000000 SP=20001368 MSP=20001368	
0000DEAD	ROM:sub_C214+32         	CBZ             R0, loc_C24A    	                                        	
0000DEAD	ROM:sub_C214:loc_C24A   	MOV             R0, R4          	R0=20000DA0                             	
0000DEAD	ROM:sub_C214+38         	BL              sub_F52E        	LR=0000C251                             	
0000DEAD	ROM:sub_F52E            	PUSH            {R4,R5,LR}      	SP=2000135C MSP=2000135C                	
0000DEAD	ROM:sub_F52E+2          	MOV             R5, R0          	R5=20000DA0                             	
0000DEAD	ROM:sub_F52E+4          	SUB             SP, SP, #4      	SP=20001358 MSP=20001358                	
0000DEAD	ROM:sub_F52E+6          	LDR             R0, [R5]        	R0=40038000                             	
0000DEAD	ROM:sub_F52E+8          	MOVW            R4, #0x2710     	R4=00002710                             	
0000DEAD	ROM:sub_F52E+C          	BL              sub_CF3A        	R0=00000001 R1=00001000 R2=00001000 LR=0000CDB1 Z=0	
0000DEAD	ROM:sub_F52E+10         	MRS.W           R0, PRIMASK     	R0=00000000                             	
0000DEAD	ROM:sub_F52E+14         	SUBS            R0, R0, #1      	R0=FFFFFFFF N=1                         	
0000DEAD	ROM:sub_F52E+16         	SBCS            R0, R0          	                                        	
0000DEAD	ROM:sub_F52E+18         	LSRS            R0, R0, #0x1F   	R0=00000001 C=1 N=0                     	
0000DEAD	ROM:sub_F52E+1A         	CPSID           I               	PRIMASK=00000001                        	
0000DEAD	ROM:sub_F52E+1C         	DMB.W           SY              	                                        	
0000DEAD	ROM:sub_F52E+20         	LDR             R1, =unk_200003A5	R1=200003A5                             	
0000DEAD	ROM:sub_F52E+22         	MOVS            R2, #0          	R2=00000000 Z=1                         	
0000DEAD	ROM:sub_F52E+24         	STRB            R2, [R1]        	                                        	
0000DEAD	ROM:sub_F52E+26         	LDR             R2, =unk_20000DA8	R2=20000DA8                             	
0000DEAD	ROM:sub_F52E+28         	LDRB            R3, [R2,#(unk_20000DAA - 0x20000DA8)]	R3=00000000                             	
0000DEAD	ROM:sub_F52E+2A         	ADDS            R3, R3, #1      	R3=00000001 C=0 Z=0                     	
0000DEAD	ROM:sub_F52E+2C         	STRB            R3, [R2,#(unk_20000DAA - 0x20000DA8)]	                                        	
0000DEAD	ROM:sub_F52E+2E         	CBZ             R0, loc_F568    	                                        	
0000DEAD	ROM:sub_F52E+30         	MOVS            R0, #1          	                                        	
0000DEAD	ROM:sub_F52E+32         	STRB            R0, [R1]        	                                        	
0000DEAD	ROM:sub_F52E+34         	DMB.W           SY              	                                        	
0000DEAD	ROM:sub_F52E+38         	CPSIE           I               	PRIMASK=00000000                        	
0000DEAD	ROM:sub_F52E:loc_F568   	MOV.W           R1, #0x100      	R1=00000100                             	
0000DEAD	ROM:sub_F52E+3E         	LDR             R0, [R5]        	R0=40038000                             	
0000DEAD	ROM:sub_F52E+40         	STR             R1, [R0]        	                                        	
0000DEAD	ROM:sub_F52E:loc_F570   	LDR             R1, [R0,#8]     	R1=01000000                             	
0000DEAD	ROM:sub_F52E+44         	LSLS            R1, R1, #7      	R1=80000000 N=1                         	
0000DEAD	ROM:sub_F52E+46         	BMI             loc_F586        	                                        	
0000DEAD	ROM:sub_F52E:loc_F586   	MOV.W           R1, #0x410      	R1=00000410                             	
0000DEAD	ROM:sub_F52E+5C         	STR             R1, [R0]        	                                        	
0000DEAD	ROM:sub_F52E+5E         	MOVS            R0, #0          	R0=00000000 Z=1 N=0                     	
0000DEAD	ROM:sub_F52E+60         	ADD             SP, SP, #4      	SP=2000135C MSP=2000135C                	
0000DEAD	ROM:sub_F52E+62         	POP             {R4,R5,PC}      	R4=20000DA0 R5=400F1000 SP=20001368 MSP=20001368	
0000DEAD	ROM:sub_C214+3C         	CBZ             R0, loc_C254    	                                        	
0000DEAD	ROM:sub_C214:loc_C254   	ADD             R1, SP, #0x20+var_1C	R1=2000136C                             	
0000DEAD	ROM:sub_C214+42         	MOV             R0, R4          	R0=20000DA0                             	
0000DEAD	ROM:sub_C214+44         	BL              sub_F524        	LR=0000C25D                             	
0000DEAD	ROM:sub_F524            	LDR             R1, [R1]        	R1=20001368                             	
0000DEAD	ROM:sub_F524+2          	LDR             R0, [R0]        	R0=40038000                             	
0000DEAD	ROM:sub_F524+4          	LDR             R1, [R1]        	R1=00108080                             	
0000DEAD	ROM:sub_F524+6          	STR             R1, [R0,#0x14]  	                                        	
0000DEAD	ROM:sub_F524+8          	BX              LR              	                                        	
0000DEAD	ROM:sub_C214+48         	LDR             R1, [R4]        	R1=40038000                             	
0000DEAD	ROM:sub_C214+4A         	MOVS            R0, #1          	R0=00000001 Z=0                         	
0000DEAD	ROM:sub_C214+4C         	STR             R0, [R1,#0x30]  	                                        	
0000DEAD	ROM:sub_C214+4E         	MOVS            R0, #0x20 ; ' ' 	R0=00000020                             	
0000DEAD	ROM:sub_C214+50         	LDR             R1, =unk_E000E108	R1=E000E108                             	
0000DEAD	ROM:sub_C214+52         	STR             R0, [R1]        	                                        	
0000DEAD	ROM:sub_C214+54         	ADD             SP, SP, #0x18   	SP=20001380 MSP=20001380                	
0000DEAD	ROM:sub_C214+56         	POP             {R4,PC}         	R4=20000DA8 SP=20001388 MSP=20001388    	
0000DEAD	ROM:sub_B0D2+A4         	BL              sub_C28C        	LR=0000B17B                             	
0000DEAD	ROM:sub_C28C            	LDR             R0, =unk_20000DA0	R0=20000DA0                             	
0000DEAD	ROM:sub_C28C+2          	B.W             sub_F592        	                                        	
0000DEAD	ROM:sub_F592            	PUSH            {LR}            	SP=20001384 MSP=20001384                	
0000DEAD	ROM:sub_F592+2          	SUB             SP, SP, #4      	SP=20001380 MSP=20001380                	
0000DEAD	ROM:sub_F592+4          	LDR             R0, [R0]        	R0=40038000                             	
0000DEAD	ROM:sub_F592+6          	MOV.W           R1, #0xA20      	R1=00000A20                             	
0000DEAD	ROM:sub_F592+A          	STR             R1, [R0]        	                                        	
0000DEAD	ROM:sub_F592+C          	BL              sub_D2B4        	R0=400E0028 R1=00000000 R2=AA000040 R3=200003A5 LR=0000CE4F Z=1	
0000DEAD	ROM:sub_F592+10         	MRS.W           R0, PRIMASK     	R0=00000000                             	
0000DEAD	ROM:sub_F592+14         	SUBS            R0, R0, #1      	R0=FFFFFFFF Z=0 N=1                     	
0000DEAD	ROM:sub_F592+16         	SBCS            R0, R0          	                                        	
0000DEAD	ROM:sub_F592+18         	LSRS            R0, R0, #0x1F   	R0=00000001 C=1 N=0                     	
0000DEAD	ROM:sub_F592+1A         	CPSID           I               	PRIMASK=00000001                        	
0000DEAD	ROM:sub_F592+1C         	DMB.W           SY              	                                        	
0000DEAD	ROM:sub_F592+20         	LDR             R1, =unk_200003A5	R1=200003A5                             	
0000DEAD	ROM:sub_F592+22         	MOVS            R2, #0          	R2=00000000 Z=1                         	
0000DEAD	ROM:sub_F592+24         	STRB            R2, [R1]        	                                        	
0000DEAD	ROM:sub_F592+26         	LDR             R2, =unk_20000DA8	R2=20000DA8                             	
0000DEAD	ROM:sub_F592+28         	LDRB            R3, [R2,#(unk_20000DAA - 0x20000DA8)]	R3=00000001                             	
0000DEAD	ROM:sub_F592+2A         	SUBS            R3, R3, #1      	R3=00000000                             	
0000DEAD	ROM:sub_F592+2C         	STRB            R3, [R2,#(unk_20000DAA - 0x20000DA8)]	                                        	
0000DEAD	ROM:sub_F592+2E         	CBZ             R0, loc_F5CC    	                                        	
0000DEAD	ROM:sub_F592+30         	MOVS            R0, #1          	Z=0                                     	
0000DEAD	ROM:sub_F592+32         	STRB            R0, [R1]        	                                        	
0000DEAD	ROM:sub_F592+34         	DMB.W           SY              	                                        	
0000DEAD	ROM:sub_F592+38         	CPSIE           I               	PRIMASK=00000000                        	
0000DEAD	ROM:sub_F592:loc_F5CC   	ADD             SP, SP, #4      	SP=20001384 MSP=20001384                	
0000DEAD	ROM:sub_F592+3C         	POP             {PC}            	SP=20001388 MSP=20001388                	
0000DEAD	ROM:sub_B0D2+A8         	MOVS            R1, #1          	R1=00000001                             	
0000DEAD	ROM:sub_B0D2+AA         	MOVS            R0, #5          	R0=00000005                             	
0000DEAD	ROM:sub_B0D2+AC         	BL              sub_AE32        	LR=0000B183                             	
0000DEAD	ROM:sub_AE32            	CMP             R1, #1          	Z=1                                     	
0000DEAD	ROM:sub_AE32+2          	BNE             loc_AE54        	                                        	
0000DEAD	ROM:sub_AE32+4          	LSRS            R1, R0, #5      	R1=00000000 C=0                         	
0000DEAD	ROM:sub_AE32+6          	LSLS            R1, R1, #9      	                                        	
0000DEAD	ROM:sub_AE32+8          	ADD.W           R1, R1, #0x40000000	R1=40000000                             	
0000DEAD	ROM:sub_AE32+C          	ADD.W           R1, R1, #0xE1000	R1=400E1000                             	
0000DEAD	ROM:sub_AE32+10         	MOVS            R2, #1          	R2=00000001 Z=0                         	
0000DEAD	ROM:sub_AE32+12         	AND.W           R0, R0, #0x1F   	                                        	
0000DEAD	ROM:sub_AE32+16         	LSL.W           R0, R2, R0      	R0=00000020                             	
0000DEAD	ROM:sub_AE32+1A         	STR             R0, [R1,#0x44]  	                                        	
0000DEAD	ROM:sub_AE32+1C         	STR.W           R0, [R1,#0x168] 	                                        	
0000DEAD	ROM:sub_AE32+20         	BX              LR              	                                        	
0000DEAD	ROM:sub_B0D2+B0         	MOVS            R1, #1          	R1=00000001                             	
0000DEAD	ROM:sub_B0D2+B2         	MOVS            R0, #5          	R0=00000005                             	
0000DEAD	ROM:sub_B0D2+B4         	BL              sub_AE74        	LR=0000B18B                             	
0000DEAD	ROM:sub_AE74            	LSRS            R2, R0, #5      	R2=00000000 Z=1                         	
0000DEAD	ROM:sub_AE74+2          	LSLS            R2, R2, #9      	                                        	
0000DEAD	ROM:sub_AE74+4          	ADD.W           R2, R2, #0x40000000	R2=40000000                             	
0000DEAD	ROM:sub_AE74+8          	MOVS            R3, #1          	R3=00000001 Z=0                         	
0000DEAD	ROM:sub_AE74+A          	AND.W           R0, R0, #0x1F   	                                        	
0000DEAD	ROM:sub_AE74+E          	ADD.W           R2, R2, #0xE1000	R2=400E1000                             	
0000DEAD	ROM:sub_AE74+12         	LSL.W           R0, R3, R0      	R0=00000020                             	
0000DEAD	ROM:sub_AE74+16         	CBZ             R1, loc_AE90    	                                        	
0000DEAD	ROM:sub_AE74+18         	STR             R0, [R2,#0x54]  	                                        	
0000DEAD	ROM:sub_AE74+1A         	BX              LR              	                                        	
0000DEAD	ROM:sub_B0D2+B8         	BL              sub_C7B4        	LR=0000B18F                             	
0000DEAD	ROM:sub_C7B4            	PUSH            {R4-R6,LR}      	SP=20001378 MSP=20001378                	
0000DEAD	ROM:sub_C7B4+2          	MOVS            R4, #4          	R4=00000004                             	
0000DEAD	ROM:sub_C7B4+4          	ADR.W           R5, unk_C9E8    	R5=0000C9E8                             	
0000DEAD	ROM:sub_C7B4+8          	B               loc_C7D2        	                                        	
0000DEAD	ROM:sub_C7B4:loc_C7D2   	SUBS            R4, R4, #1      	R4=00000003 C=1                         	
0000DEAD	ROM:sub_C7B4+20         	BPL             loc_C7BE        	                                        	
0000DEAD	ROM:sub_C7B4:loc_C7BE   	LDR.W           R6, [R5,R4,LSL#2]	R6=00000046                             	
0000DEAD	ROM:sub_C7B4+E          	MOVS            R1, #1          	                                        	
0000DEAD	ROM:sub_C7B4+10         	MOV             R0, R6          	R0=00000046                             	
0000DEAD	ROM:sub_C7B4+12         	BL              sub_C6DC        	LR=0000C7CB                             	
0000DEAD	ROM:sub_C6DC            	LSRS            R2, R0, #5      	R2=00000002 C=0                         	
0000DEAD	ROM:sub_C6DC+2          	LSLS            R2, R2, #9      	R2=00000400                             	
0000DEAD	ROM:sub_C6DC+4          	ADD.W           R2, R2, #0x40000000	R2=40000400                             	
0000DEAD	ROM:sub_C6DC+8          	MOVS            R3, #1          	                                        	
0000DEAD	ROM:sub_C6DC+A          	AND.W           R0, R0, #0x1F   	R0=00000006                             	
0000DEAD	ROM:sub_C6DC+E          	ADD.W           R2, R2, #0xE1000	R2=400E1400                             	
0000DEAD	ROM:sub_C6DC+12         	LSL.W           R0, R3, R0      	R0=00000040                             	
0000DEAD	ROM:sub_C6DC+16         	CMP             R1, #1          	C=1 Z=1                                 	
0000DEAD	ROM:sub_C6DC+18         	BNE             loc_C6FE        	                                        	
0000DEAD	ROM:sub_C6DC+1A         	STR             R0, [R2,#0x44]  	                                        	
0000DEAD	ROM:sub_C6DC+1C         	STR.W           R0, [R2,#0x168] 	                                        	
0000DEAD	ROM:sub_C6DC+20         	BX              LR              	                                        	
0000DEAD	ROM:sub_C7B4+16         	MOVS            R1, #0          	R1=00000000                             	
0000DEAD	ROM:sub_C7B4+18         	MOV             R0, R6          	R0=00000046                             	
0000DEAD	ROM:sub_C7B4+1A         	BL              sub_C708        	LR=0000C7D3                             	
0000DEAD	ROM:sub_C708            	LSRS            R2, R0, #5      	R2=00000002 C=0 Z=0                     	
0000DEAD	ROM:sub_C708+2          	LSLS            R2, R2, #9      	R2=00000400                             	
0000DEAD	ROM:sub_C708+4          	ADD.W           R2, R2, #0x40000000	R2=40000400                             	
0000DEAD	ROM:sub_C708+8          	MOVS            R3, #1          	                                        	
0000DEAD	ROM:sub_C708+A          	AND.W           R0, R0, #0x1F   	R0=00000006                             	
0000DEAD	ROM:sub_C708+E          	ADD.W           R2, R2, #0xE1000	R2=400E1400                             	
0000DEAD	ROM:sub_C708+12         	LSL.W           R0, R3, R0      	R0=00000040                             	
0000DEAD	ROM:sub_C708+16         	CBZ             R1, loc_C724    	                                        	
0000DEAD	ROM:sub_C708:loc_C724   	STR             R0, [R2,#0x58]  	                                        	
0000DEAD	ROM:sub_C708+1E         	BX              LR              	R0=00000008 R4=FFFFFFFF R6=00000043 N=1 	
0000DEAD	ROM:sub_C7B4+22         	ADR.W           R5, unk_C9F8    	R5=0000C9F8                             	
0000DEAD	ROM:sub_C7B4+26         	MOVS            R4, #0xA        	R4=0000000A N=0                         	
0000DEAD	ROM:sub_C7B4+28         	B               loc_C7F2        	                                        	
0000DEAD	ROM:sub_C7B4:loc_C7F2   	SUBS            R4, R4, #1      	R4=00000009 C=1                         	
0000DEAD	ROM:sub_C7B4+40         	BPL             loc_C7DE        	                                        	
0000DEAD	ROM:sub_C7B4:loc_C7DE   	LDR.W           R6, [R5,R4,LSL#2]	R6=00000040                             	
0000DEAD	ROM:sub_C7B4+2E         	MOVS            R1, #0          	Z=1                                     	
0000DEAD	ROM:sub_C7B4+30         	MOV             R0, R6          	R0=00000040                             	
0000DEAD	ROM:sub_C7B4+32         	BL              sub_C6DC        	R0=00000001 LR=0000C7EB C=0 Z=0 N=1     	
0000DEAD	ROM:sub_C6DC:loc_C6FE   	CBNZ            R1, locret_C706 	                                        	
0000DEAD	ROM:sub_C6DC+24         	STR             R0, [R2,#0x48]  	                                        	
0000DEAD	ROM:sub_C6DC+26         	STR.W           R0, [R2,#0x164] 	                                        	
0000DEAD	ROM:sub_C6DC:locret_C706	BX              LR              	                                        	
0000DEAD	ROM:sub_C7B4+36         	MOVS            R1, #8          	R1=00000008 N=0                         	
0000DEAD	ROM:sub_C7B4+38         	MOV             R0, R6          	R0=00000040                             	
0000DEAD	ROM:sub_C7B4+3A         	BL              sub_C680        	LR=0000C7F3                             	
0000DEAD	ROM:sub_C680            	AND.W           R3, R0, #0x1F   	R3=00000000                             	
0000DEAD	ROM:sub_C680+4          	PUSH            {R4,R5,LR}      	SP=2000136C MSP=2000136C                	
0000DEAD	ROM:sub_C680+6          	LSRS            R0, R0, #5      	R0=00000002                             	
0000DEAD	ROM:sub_C680+8          	LSLS            R0, R0, #9      	R0=00000400                             	
0000DEAD	ROM:sub_C680+A          	MOVS            R2, #1          	R2=00000001                             	
0000DEAD	ROM:sub_C680+C          	ADD.W           R0, R0, #0x40000000	R0=40000400                             	
0000DEAD	ROM:sub_C680+10         	LSLS            R2, R3          	                                        	
0000DEAD	ROM:sub_C680+12         	ADD.W           R0, R0, #0xE1000	R0=400E1400                             	
0000DEAD	ROM:sub_C680+16         	ADD.W           R3, R0, #0x14   	R3=400E1414                             	
0000DEAD	ROM:sub_C680+1A         	LSLS            R4, R1, #0x1C   	R4=80000000 N=1                         	
0000DEAD	ROM:sub_C680+1C         	ITE MI                          	IT[3:2]=3 IT[7:4]=4                     	
0000DEAD	ROM:sub_C680+1E         	STRMI           R2, [R3,#0x60]  	IT[3:2]=2 IT[7:4]=5                     	
0000DEAD	ROM:sub_C680+20         	STRPL           R2, [R3,#0x64]  	IT[3:2]=0 IT[7:4]=0                     	
0000DEAD	ROM:sub_C680+22         	LSLS            R4, R1, #0x1B   	R4=40000000 N=0                         	
0000DEAD	ROM:sub_C680+24         	ITE MI                          	IT[3:2]=3 IT[7:4]=4                     	
0000DEAD	ROM:sub_C680+26         	STRMI           R2, [R3,#0x70]  	IT[3:2]=2 IT[7:4]=5                     	
0000DEAD	ROM:sub_C680+28         	STRPL           R2, [R3,#0x74]  	IT[3:2]=0 IT[7:4]=0                     	
0000DEAD	ROM:sub_C680+2A         	ADD.W           R4, R0, #0xC4   	R4=400E14C4                             	
0000DEAD	ROM:sub_C680+2E         	LSLS            R5, R1, #0x19   	R5=10000000                             	
0000DEAD	ROM:sub_C680+30         	ITE MI                          	IT[3:2]=3 IT[7:4]=4                     	
0000DEAD	ROM:sub_C680+32         	STRMI.W         R2, [R0,#0xC4]  	IT[3:2]=2 IT[7:4]=5                     	
0000DEAD	ROM:sub_C680+36         	STRPL           R2, [R4,#4]     	IT[3:2]=0 IT[7:4]=0                     	
0000DEAD	ROM:sub_C680+38         	LSLS            R5, R1, #0x18   	R5=08000000                             	
0000DEAD	ROM:sub_C680+3A         	ITE MI                          	IT[3:2]=3 IT[7:4]=4                     	
0000DEAD	ROM:sub_C680+3C         	STRMI           R2, [R4,#0x40]  	IT[3:2]=2 IT[7:4]=5                     	
0000DEAD	ROM:sub_C680+3E         	STRPL           R2, [R4,#0x44]  	IT[3:2]=0 IT[7:4]=0                     	
0000DEAD	ROM:sub_C680+40         	LSLS            R4, R1, #0x1F   	R4=00000000 Z=1                         	
0000DEAD	ROM:sub_C680+42         	ITE MI                          	IT[3:2]=3 IT[7:4]=4                     	
0000DEAD	ROM:sub_C680+44         	STRMI           R2, [R0,#0x14]  	IT[3:2]=2 IT[7:4]=5                     	
0000DEAD	ROM:sub_C680+46         	STRPL           R2, [R3,#4]     	IT[3:2]=0 IT[7:4]=0                     	
0000DEAD	ROM:sub_C680+48         	LSLS            R0, R1, #0x1E   	R0=00000000                             	
0000DEAD	ROM:sub_C680+4A         	ITE MI                          	IT[3:2]=3 IT[7:4]=4                     	
0000DEAD	ROM:sub_C680+4C         	STRMI           R2, [R3,#0x10]  	IT[3:2]=2 IT[7:4]=5                     	
0000DEAD	ROM:sub_C680+4E         	STRPL           R2, [R3,#0x14]  	IT[3:2]=0 IT[7:4]=0                     	
0000DEAD	ROM:sub_C680+50         	LSLS            R0, R1, #0x1D   	C=1                                     	
0000DEAD	ROM:sub_C680+52         	BPL             loc_C6D8        	                                        	
0000DEAD	ROM:sub_C680:loc_C6D8   	STR             R2, [R3,#0x24]  	                                        	
0000DEAD	ROM:sub_C680+5A         	POP             {R4,R5,PC}      	R2=00000080 R4=FFFFFFFF R5=0000C9F8 R6=00000047 SP=20001378 C=0 Z=0 N=1 MSP=20001378	
0000DEAD	ROM:sub_C7B4+42         	MOVS            R1, #0          	R1=00000000 Z=1 N=0                     	
0000DEAD	ROM:sub_C7B4+44         	MOVS            R0, #0x21 ; '!' 	R0=00000021 Z=0                         	
0000DEAD	ROM:sub_C7B4+46         	BL              sub_C6DC        	R0=00000002 R2=400E1200 R3=00000001 LR=0000C7FF N=1	
0000DEAD	ROM:sub_C7B4+4A         	MOVS            R1, #8          	R1=00000008 N=0                         	
0000DEAD	ROM:sub_C7B4+4C         	MOVS            R0, #0x21 ; '!' 	R0=00000021                             	
0000DEAD	ROM:sub_C7B4+4E         	BL              sub_C680        	R0=00000000 R2=00000002 R3=400E1214 LR=0000C807 C=1 Z=1	
0000DEAD	ROM:sub_C7B4+52         	LDR             R1, =unk_200002D0	R1=200002D0                             	
0000DEAD	ROM:sub_C7B4+54         	LDR             R0, =0x493E0    	R0=000493E0                             	
0000DEAD	ROM:sub_C7B4+56         	STR             R0, [R1,#(unk_200002D4 - 0x200002D0)]	                                        	
0000DEAD	ROM:sub_C7B4+58         	BL              sub_AD60        	LR=0000C811                             	
0000DEAD	ROM:sub_AD60            	LDR             R0, =unk_20000D58	R0=20000D58                             	
0000DEAD	ROM:sub_AD60+2          	MOVS            R2, #0          	R2=00000000                             	
0000DEAD	ROM:sub_AD60+4          	STRD.W          R2, R2, [R0]    	                                        	
0000DEAD	ROM:sub_AD60+8          	STRB            R2, [R0,#(byte_20000D62 - 0x20000D58)]	                                        	
0000DEAD	ROM:sub_AD60+A          	STRB            R2, [R0,#(unk_20000D61 - 0x20000D58)]	                                        	
0000DEAD	ROM:sub_AD60+C          	STRB            R2, [R0,#(unk_20000D60 - 0x20000D58)]	                                        	
0000DEAD	ROM:sub_AD60+E          	BX              LR              	                                        	
0000DEAD	ROM:sub_C7B4+5C         	MOVW            R1, #0x101      	R1=00000101                             	
0000DEAD	ROM:sub_C7B4+60         	LDR             R0, =unk_400F0800	R0=400F0800                             	
0000DEAD	ROM:sub_C7B4+62         	STR             R1, [R0,#(unk_400F0840 - 0x400F0800)]	                                        	
0000DEAD	ROM:sub_C7B4:loc_C818   	LDR             R1, [R0,#(unk_400F0808 - 0x400F0800)]	R1=22010001                             	
0000DEAD	ROM:sub_C7B4+66         	LSLS            R1, R1, #7      	R1=00800080 Z=0                         	
0000DEAD	ROM:sub_C7B4+68         	BMI             loc_C818        	                                        	
0000DEAD	ROM:sub_C7B4+6A         	LDR             R1, [R0]        	R1=00040100                             	
0000DEAD	ROM:sub_C7B4+6C         	LDR             R2, =0x40101    	R2=00040101                             	
0000DEAD	ROM:sub_C7B4+6E         	ORRS            R1, R2          	R1=00040101                             	
0000DEAD	ROM:sub_C7B4+70         	STR             R1, [R0]        	                                        	
0000DEAD	ROM:sub_C7B4:loc_C826   	LDR             R1, [R0,#(unk_400F0808 - 0x400F0800)]	R1=22010001                             	
0000DEAD	ROM:sub_C7B4+74         	LSLS            R1, R1, #7      	R1=00800080                             	
0000DEAD	ROM:sub_C7B4+76         	BMI             loc_C826        	                                        	
0000DEAD	ROM:sub_C7B4+78         	MOVS            R0, #0x80       	R0=00000080                             	
0000DEAD	ROM:sub_C7B4+7A         	LDR             R1, =unk_E000E104	R1=E000E104                             	
0000DEAD	ROM:sub_C7B4+7C         	STR             R0, [R1]        	                                        	
0000DEAD	ROM:sub_C7B4+7E         	MOVS            R0, #0x32 ; '2' 	R0=00000032                             	
0000DEAD	ROM:sub_C7B4+80         	BL              sub_C728        	LR=0000C839                             	
0000DEAD	ROM:sub_C728            	LDR             R1, =unk_400F0804	R1=400F0804                             	
0000DEAD	ROM:sub_C728+2          	MOVS            R2, #0          	R2=00000000 Z=1                         	
0000DEAD	ROM:sub_C728+4          	STR             R2, [R1]        	                                        	
0000DEAD	ROM:sub_C728:loc_C72E   	LDR             R2, [R1,#(unk_400F0808 - 0x400F0804)]	R2=22010101                             	
0000DEAD	ROM:sub_C728+8          	LSLS            R2, R2, #7      	R2=00808080 Z=0                         	
0000DEAD	ROM:sub_C728+A          	BMI             loc_C72E        	                                        	
0000DEAD	ROM:sub_C728+C          	STR             R0, [R1,#(unk_400F0820 - 0x400F0804)]	                                        	
0000DEAD	ROM:sub_C728:loc_C736   	LDR             R0, [R1,#(unk_400F0808 - 0x400F0804)]	R0=22010101                             	
0000DEAD	ROM:sub_C728+10         	LSLS            R0, R0, #7      	R0=00808080                             	
0000DEAD	ROM:sub_C728+12         	BMI             loc_C736        	                                        	
0000DEAD	ROM:sub_C728+14         	MOV.W           R0, #0x100      	R0=00000100                             	
0000DEAD	ROM:sub_C728+18         	STR             R0, [R1,#(unk_400F0810 - 0x400F0804)]	                                        	
0000DEAD	ROM:sub_C728:loc_C742   	LDR             R2, [R1,#(unk_400F0808 - 0x400F0804)]	R2=22010101                             	
0000DEAD	ROM:sub_C728+1C         	LSLS            R2, R2, #7      	R2=00808080                             	
0000DEAD	ROM:sub_C728+1E         	BMI             loc_C742        	                                        	
0000DEAD	ROM:sub_C728+20         	STR             R0, [R1,#(unk_400F081C - 0x400F0804)]	                                        	
0000DEAD	ROM:sub_C728:loc_C74A   	LDR             R0, [R1,#(unk_400F0808 - 0x400F0804)]	R0=22010101                             	
0000DEAD	ROM:sub_C728+24         	LSLS            R0, R0, #7      	R0=00808080                             	
0000DEAD	ROM:sub_C728+26         	BMI             loc_C74A        	                                        	
0000DEAD	ROM:sub_C728+28         	BX              LR              	                                        	
0000DEAD	ROM:sub_C7B4+84         	LDR             R2, =0x20000D58 	R2=20000D58                             	
0000DEAD	ROM:sub_C7B4+86         	MOV.W           R0, #0xFFFFFFFF 	R0=FFFFFFFF                             	
0000DEAD	ROM:sub_C7B4+8A         	STRD.W          R0, R0, [R2]    	                                        	
0000DEAD	ROM:sub_C7B4+8E         	POP.W           {R4-R6,LR}      	R4=20000DA8 R5=400F1000 R6=00000000 SP=20001388 LR=0000B18F MSP=20001388	
0000DEAD	ROM:sub_C7B4+92         	B               sub_C858        	                                        	
0000DEAD	ROM:sub_C858            	PUSH.W          {R3-R9,LR}      	SP=20001368 MSP=20001368                	
0000DEAD	ROM:sub_C858+4          	MOVS            R4, #0          	R4=00000000 Z=1                         	
0000DEAD	ROM:sub_C858+6          	MOVS            R5, #0          	R5=00000000                             	
0000DEAD	ROM:sub_C858+8          	MOVS            R6, #3          	R6=00000003 Z=0                         	
0000DEAD	ROM:sub_C858+A          	ADR.W           R9, unk_C9E8    	                                        	
0000DEAD	ROM:sub_C858:loc_C866   	LDR.W           R7, [R9,R6,LSL#2]	R7=00000046                             	
0000DEAD	ROM:sub_C858+12         	MOVS            R1, #0          	R1=00000000 Z=1                         	
0000DEAD	ROM:sub_C858+14         	MOV             R0, R7          	R0=00000046                             	
0000DEAD	ROM:sub_C858+16         	BL              sub_C6DC        	R0=00000040 R2=400E1400 R3=00000001 LR=0000C873 C=0 Z=0 N=1	
0000DEAD	ROM:sub_C858+1A         	MOV             R1, R4          	                                        	
0000DEAD	ROM:sub_C858+1C         	MOV             R0, R7          	R0=00000046                             	
0000DEAD	ROM:sub_C858+1E         	BL              sub_C680        	R0=00000000 R2=00000040 R3=400E1414 LR=0000C87B Z=1 N=0	
0000DEAD	ROM:sub_C858+22         	SUBS            R6, R6, #1      	R6=00000002 C=1 Z=0                     	
0000DEAD	ROM:sub_C858+24         	BPL             loc_C866        	R2=00000008 R6=FFFFFFFF R7=00000043 SP=20001318 ISR_NUMBER=37 C=0 N=1 MSP=20001318	
0000DEAD	ROM:sub_C858+26         	ADR.W           R7, unk_C9F8    	R7=0000C9F8                             	
0000DEAD	ROM:sub_C858+2A         	MOVS            R6, #9          	R6=00000009 N=0                         	
0000DEAD	ROM:sub_C858:loc_C884   	LDR.W           R8, [R7,R6,LSL#2]	R8=00000040                             	
0000DEAD	ROM:sub_C858+30         	BL              sub_C9E0        	LR=0000C88D                             	
0000DEAD	ROM:sub_C9E0            	MOVS            R1, #0          	Z=1                                     	
0000DEAD	ROM:sub_C9E2            	MOV             R0, R8          	R0=00000040                             	
0000DEAD	ROM:sub_C9E2+2          	B               sub_C6DC        	R0=00000001 R2=400E1400 R3=00000001 Z=0 N=1	
0000DEAD	ROM:sub_C858+34         	MOVS            R1, #8          	R1=00000008 N=0                         	
0000DEAD	ROM:sub_C858+36         	MOV             R0, R8          	R0=00000040                             	
0000DEAD	ROM:sub_C858+38         	BL              sub_C680        	R0=00000000 R2=00000001 R3=400E1414 LR=0000C895 C=1 Z=1	
0000DEAD	ROM:sub_C858+3C         	SUBS            R6, R6, #1      	R6=00000008 Z=0                         	
0000DEAD	ROM:sub_C858+3E         	BPL             loc_C884        	R2=00000080 R6=FFFFFFFF R8=00000047 C=0 N=1	
0000DEAD	ROM:sub_C858+40         	MOVS            R6, #3          	R6=00000003 N=0                         	
0000DEAD	ROM:sub_C858+42         	LDR             R7, =unk_400E1260	R7=400E1260                             	
0000DEAD	ROM:sub_C858:loc_C89C   	LDR.W           R8, [R9,R6,LSL#2]	R8=00000046                             	
0000DEAD	ROM:sub_C858+48         	MOVS            R1, #1          	R1=00000001                             	
0000DEAD	ROM:sub_C858+4A         	BL              sub_C9E2        	R0=00000040 R2=400E1400 R3=00000001 LR=0000C8A7 C=1 Z=1	
0000DEAD	ROM:sub_C858+4E         	MOVS            R1, #0          	R1=00000000                             	
0000DEAD	ROM:sub_C858+50         	MOV             R0, R8          	R0=00000046                             	
0000DEAD	ROM:sub_C858+52         	BL              sub_C708        	R0=00000040 LR=0000C8AF C=0 Z=0         	
0000DEAD	ROM:sub_C858+56         	MOVS            R0, #3          	R0=00000003                             	
0000DEAD	ROM:sub_C858+58         	BL              sub_C678        	LR=0000C8B5                             	
0000DEAD	ROM:sub_C678            	LDR.W           PC, =(loc_20000390+1)	R0=00000000 C=1 Z=1                     	
0000DEAD	ROM:sub_C858+5C         	LDR             R0, =unk_400E1060	R0=400E1060                             	
0000DEAD	ROM:sub_C858+5E         	LDR             R0, [R0]        	R0=00000084                             	
0000DEAD	ROM:sub_C858+60         	LDR             R1, [R7]        	R1=0000003F                             	
0000DEAD	ROM:sub_C858+62         	MVNS            R2, R1          	R2=FFFFFFC0 Z=0 N=1                     	
0000DEAD	ROM:sub_C858+64         	LDR             R1, =unk_400E1460	R1=400E1460                             	
0000DEAD	ROM:sub_C858+66         	LDR             R1, [R1]        	R1=00000087                             	
0000DEAD	ROM:sub_C858+68         	UBFX.W          R0, R0, #7, #1  	R0=00000001                             	
0000DEAD	ROM:sub_C858+6C         	EOR.W           R0, R0, #1      	R0=00000000                             	
0000DEAD	ROM:sub_C858+70         	MVNS            R3, R1          	R3=FFFFFF78                             	
0000DEAD	ROM:sub_C858+72         	LSLS            R5, R5, #0xA    	C=0 Z=1 N=0                             	
0000DEAD	ROM:sub_C858+74         	LSLS            R0, R0, #1      	                                        	
0000DEAD	ROM:sub_C858+76         	ORR.W           R1, R5, R4,LSR#22	R1=00000000                             	
0000DEAD	ROM:sub_C858+7A         	ORR.W           R0, R0, R4,LSL#10	                                        	
0000DEAD	ROM:sub_C858+7E         	LSRS            R4, R2, #3      	R4=1FFFFFF8 Z=0                         	
0000DEAD	ROM:sub_C858+80         	LSRS            R5, R2, #1      	R5=7FFFFFE0                             	
0000DEAD	ROM:sub_C858+82         	AND.W           R4, R4, #4      	R4=00000000                             	
0000DEAD	ROM:sub_C858+86         	AND.W           R5, R5, #8      	R5=00000000                             	
0000DEAD	ROM:sub_C858+8A         	ORRS            R4, R5          	Z=1                                     	
0000DEAD	ROM:sub_C858+8C         	LSLS            R5, R2, #4      	R5=FFFFFC00 C=1 Z=0 N=1                 	
0000DEAD	ROM:sub_C858+8E         	AND.W           R5, R5, #0x10   	R5=00000000                             	
0000DEAD	ROM:sub_C858+92         	LSLS            R2, R2, #3      	R2=FFFFFE00                             	
0000DEAD	ROM:sub_C858+94         	ORRS            R4, R5          	Z=1 N=0                                 	
0000DEAD	ROM:sub_C858+96         	AND.W           R2, R2, #0x60   	R2=00000000                             	
0000DEAD	ROM:sub_C858+9A         	ORRS            R4, R2          	                                        	
0000DEAD	ROM:sub_C858+9C         	ORRS            R0, R4          	                                        	
0000DEAD	ROM:sub_C858+9E         	LSLS            R4, R3, #5      	R4=FFFFEF00 Z=0 N=1                     	
0000DEAD	ROM:sub_C858+A0         	UBFX.W          R2, R3, #7, #1  	                                        	
0000DEAD	ROM:sub_C858+A4         	AND.W           R4, R4, #0x80   	R4=00000000                             	
0000DEAD	ROM:sub_C858+A8         	ORRS            R2, R4          	Z=1 N=0                                 	
0000DEAD	ROM:sub_C858+AA         	LSLS            R4, R3, #7      	R4=FFFFBC00 Z=0 N=1                     	
0000DEAD	ROM:sub_C858+AC         	AND.W           R4, R4, #0x100  	R4=00000000                             	
0000DEAD	ROM:sub_C858+B0         	LSLS            R3, R3, #9      	R3=FFFEF000                             	
0000DEAD	ROM:sub_C858+B2         	ORRS            R2, R4          	Z=1 N=0                                 	
0000DEAD	ROM:sub_C858+B4         	AND.W           R3, R3, #0x200  	R3=00000000                             	
0000DEAD	ROM:sub_C858+B8         	ORRS            R2, R3          	                                        	
0000DEAD	ROM:sub_C858+BA         	ORR.W           R4, R0, R2      	                                        	
0000DEAD	ROM:sub_C858+BE         	MOV             R5, R1          	                                        	
0000DEAD	ROM:sub_C858+C0         	BL              sub_C9E0        	R0=00000040 R2=400E1400 R3=00000001 LR=0000C91D C=0 Z=0 N=1	
0000DEAD	ROM:sub_C858+C4         	MOVS            R1, #0          	Z=1 N=0                                 	
0000DEAD	ROM:sub_C858+C6         	MOV             R0, R8          	R0=00000046                             	
0000DEAD	ROM:sub_C858+C8         	BL              sub_C680        	R0=00000000 R2=00000040 R3=400E1414 LR=0000C925	
0000DEAD	ROM:sub_C858+CC         	SUBS            R6, R6, #1      	R6=00000002 C=1 Z=0                     	
0000DEAD	ROM:sub_C858+CE         	BPL             loc_C89C        	R2=00000008 R6=FFFFFFFF R8=00000043 C=0 N=1	
0000DEAD	ROM:sub_C858+D0         	LDR             R0, [R7]        	R0=0000003F                             	
0000DEAD	ROM:sub_C858+D2         	LSLS            R0, R0, #0x1E   	R0=C0000000 C=1                         	
0000DEAD	ROM:sub_C858+D4         	IT PL                           	IT[3:2]=2 IT[7:4]=5                     	
0000DEAD	ROM:sub_C858+D6         	ORRPL.W         R4, R4, #0x40000000	IT[3:2]=0 IT[7:4]=0                     	
0000DEAD	ROM:sub_C858+DA         	LDR             R2, =0x20000D58 	R2=20000D58                             	
0000DEAD	ROM:sub_C858+DC         	LDRD.W          R0, R1, [R2]    	R0=FFFFFFFF R1=FFFFFFFF                 	
0000DEAD	ROM:sub_C858+E0         	STRD.W          R4, R5, [R2]    	                                        	
0000DEAD	ROM:sub_C858+E4         	BIC.W           R0, R4, R0      	R0=00000000                             	
0000DEAD	ROM:sub_C858+E8         	BICS.W          R1, R5, R1      	R1=00000000 Z=1 N=0                     	
0000DEAD	ROM:sub_C858+EC         	IT EQ                           	IT[3:2]=2                               	
0000DEAD	ROM:sub_C858+EE         	CMPEQ           R0, #0          	IT[3:2]=0                               	
0000DEAD	ROM:sub_C858+F0         	BNE             loc_C954        	                                        	
0000DEAD	ROM:sub_C858+F2         	LDRD.W          R0, R1, [R2]    	                                        	
0000DEAD	ROM:sub_C858+F6         	CBNZ            R1, loc_C97E    	                                        	
0000DEAD	ROM:sub_C858+F8         	CBZ             R0, loc_C9A8    	                                        	
0000DEAD	ROM:sub_C858:loc_C9A8   	MOVS            R0, #1          	R0=00000001 Z=0                         	
0000DEAD	ROM:sub_C858:locret_C9AA	POP.W           {R1,R4-R9,PC}   	R1=400E1414 R4=200002D0 R6=00000002 R7=00000046 R8=00000001 SP=20001338 MSP=20001338	
0000DEAD	ROM:0000C784            	MOVS            R0, #0x32 ; '2' 	R0=00000032                             	
0000DEAD	ROM:0000C786            	BL              sub_C728        	R0=00808080 R1=400F0804 R2=00808080 LR=0000C78B	
0000DEAD	ROM:0000C78A            	LDR             R0, [R4,#0xC]   	R0=00000000                             	
0000DEAD	ROM:0000C78C            	CBZ             R0, locret_C7B2 	                                        	
0000DEAD	ROM:locret_C7B2         	POP             {R0,R4,R5,PC}   	R0=00000001 R1=400E1214 R2=20000D58 R4=20000DA8 R5=400F1000 R6=00000000 R7=00000000 SP=20001388 LR=0000C925 ISR_NUMBER=20 MSP=20001388	
0000DEAD	ROM:sub_B0D2+BC         	LDR.W           R1, =unk_400E0180	R1=400E0180                             	
0000DEAD	ROM:sub_B0D2+C0         	LDR             R1, [R1]        	R1=00000004                             	
0000DEAD	ROM:sub_B0D2+C2         	MOVS            R0, #0          	R0=00000000 Z=1                         	
0000DEAD	ROM:sub_B0D2+C4         	CMP             R1, #2          	Z=0                                     	
0000DEAD	ROM:sub_B0D2+C6         	ITE NE                          	IT[3:2]=1 IT[7:4]=1                     	
0000DEAD	ROM:sub_B0D2+C8         	CMPNE.W         R1, #0x2000     	IT[3:2]=2 IT[7:4]=0 C=0 N=1             	
0000DEAD	ROM:sub_B0D2+CC         	MOVEQ           R0, #1          	IT[3:2]=0                               	
0000DEAD	ROM:sub_B0D2+CE         	BL              sub_45CC        	LR=0000B1A5                             	
0000DEAD	ROM:sub_45CC            	PUSH            {R4,R6,R7,LR}   	SP=20001378 MSP=20001378                	
0000DEAD	ROM:sub_45CC+2          	LDR             R4, =unk_20000348	R4=20000348                             	
0000DEAD	ROM:sub_45CC+4          	LDR             R2, [R4,#(unk_20000358 - 0x20000348)]	R2=200003B8                             	
0000DEAD	ROM:sub_45CC+6          	CBNZ            R0, loc_45E8    	                                        	
0000DEAD	ROM:sub_45CC+8          	LDR             R1, =0x12BC67D9 	R1=12BC67D9                             	
0000DEAD	ROM:sub_45CC+A          	ADD.W           R0, R2, #0x7E8  	R0=20000BA0                             	
0000DEAD	ROM:sub_45CC+E          	LDRD.W          R6, R7, [R0]    	                                        	
0000DEAD	ROM:sub_45CC+12         	LDR             R0, =0xFE3954AF 	R0=FE3954AF                             	
0000DEAD	ROM:sub_45CC+14         	CMP             R7, R1          	                                        	
0000DEAD	ROM:sub_45CC+16         	IT EQ                           	IT[3:2]=2                               	
0000DEAD	ROM:sub_45CC+18         	CMPEQ           R6, R0          	IT[3:2]=0                               	
0000DEAD	ROM:sub_45CC+1A         	BEQ             locret_4638     	                                        	
0000DEAD	ROM:sub_45CC:loc_45E8   	MOV.W           R1, #0x7F8      	R1=000007F8                             	
0000DEAD	ROM:sub_45CC+20         	MOV             R0, R2          	R0=200003B8                             	
0000DEAD	ROM:sub_45CC+22         	BL              sub_7800        	LR=000045F3                             	
0000DEAD	ROM:sub_7800            	MOVS            R2, #0          	R2=00000000 Z=1 N=0                     	
0000DEAD	ROM:sub_7800+2          	B.W             sub_B5B4        	                                        	
0000DEAD	ROM:sub_B5B4            	PUSH            {LR}            	SP=20001374 MSP=20001374                	
0000DEAD	ROM:sub_B5B4+2          	NOP                             	                                        	
0000DEAD	ROM:sub_B5B4+4          	MOVS            R3, R2          	R3=00000000                             	
0000DEAD	ROM:sub_B5B4+6          	MOV             LR, R2          	LR=00000000                             	
0000DEAD	ROM:sub_B5B4+8          	MOV             R12, R2         	R12=00000000                            	
0000DEAD	ROM:sub_B5B4:loc_B5BE   	SUBS            R1, #0x10       	R1=000007E8 C=1 Z=0                     	
0000DEAD	ROM:sub_B5B4+C          	IT CS                           	IT[3:2]=2 IT[7:4]=2                     	
0000DEAD	ROM:sub_B5B4+E          	STMCS.W         R0!, {R2,R3,R12,LR}	R0=200003C8 IT[3:2]=0 IT[7:4]=0         	
0000DEAD	ROM:sub_B5B4+12         	BHI             loc_B5BE        	R0=20000BA8 R1=FFFFFFF8 C=0 N=1         	
0000DEAD	ROM:sub_B5B4+14         	MOVS.W          R12, R1,LSL#29  	C=1 Z=1 N=0                             	
0000DEAD	ROM:sub_B5B4+18         	IT CS                           	IT[3:2]=2 IT[7:4]=2                     	
0000DEAD	ROM:sub_B5B4+1A         	STMCS           R0!, {R2,R3}    	R0=20000BB0 IT[3:2]=0 IT[7:4]=0         	
0000DEAD	ROM:sub_B5B4+1C         	IT MI                           	IT[3:2]=2 IT[7:4]=4                     	
0000DEAD	ROM:sub_B5B4+1E         	STRMI.W         R2, [R0],#4     	IT[3:2]=0 IT[7:4]=0                     	
0000DEAD	ROM:sub_B5B4+22         	LSLS            R1, R1, #0x1F   	R1=00000000 C=0                         	
0000DEAD	ROM:sub_B5B4+24         	IT CS                           	IT[3:2]=2 IT[7:4]=2                     	
0000DEAD	ROM:sub_B5B4+26         	STRHCS.W        R2, [R0],#2     	IT[3:2]=0 IT[7:4]=0                     	
0000DEAD	ROM:sub_B5B4+2A         	IT MI                           	IT[3:2]=2 IT[7:4]=4                     	
0000DEAD	ROM:sub_B5B4+2C         	STRBMI.W        R2, [R0],#1     	IT[3:2]=0 IT[7:4]=0                     	
0000DEAD	ROM:sub_B5B4+30         	POP             {PC}            	SP=20001378 MSP=20001378                	
0000DEAD	ROM:sub_45CC+26         	LDR             R0, [R4,#(unk_20000358 - 0x20000348)]	R0=200003B8                             	
0000DEAD	ROM:sub_45CC+28         	LDR             R3, =0x12BC67D9 	R3=12BC67D9                             	
0000DEAD	ROM:sub_45CC+2A         	ADD.W           R1, R0, #0x28 ; '('	R1=200003E0                             	
0000DEAD	ROM:sub_45CC+2E         	STR             R1, [R0,#0x2C]  	                                        	
0000DEAD	ROM:sub_45CC+30         	MOVS            R2, #1          	R2=00000001 Z=0                         	
0000DEAD	ROM:sub_45CC+32         	ADD.W           R1, R0, #0x2C ; ','	R1=200003E4                             	
0000DEAD	ROM:sub_45CC+36         	STRB            R2, [R1,#0x15]  	                                        	
0000DEAD	ROM:sub_45CC+38         	STRB            R2, [R1,#0x16]  	                                        	
0000DEAD	ROM:sub_45CC+3A         	MOVS            R2, #0          	R2=00000000 Z=1                         	
0000DEAD	ROM:sub_45CC+3C         	STRB            R2, [R1,#0x17]  	                                        	
0000DEAD	ROM:sub_45CC+3E         	ADD.W           R1, R0, #0x7E8  	R1=20000BA0                             	
0000DEAD	ROM:sub_45CC+42         	LDR             R2, =0xFE3954AF 	R2=FE3954AF                             	
0000DEAD	ROM:sub_45CC+44         	STRD.W          R2, R3, [R1]    	                                        	
0000DEAD	ROM:sub_45CC+48         	ADDW            R0, R0, #0x7E8  	R0=20000BA0                             	
0000DEAD	ROM:sub_45CC+4C         	MOVS            R1, #0          	R1=00000000                             	
0000DEAD	ROM:sub_45CC+4E         	STRB            R1, [R0,#9]     	                                        	
0000DEAD	ROM:sub_45CC+50         	STRB            R1, [R0,#0xA]   	                                        	
0000DEAD	ROM:sub_45CC+52         	ADR.W           R0, lcROM       	R0=00004800                             	
0000DEAD	ROM:sub_45CC+56         	LDR             R1, [R4,#(unk_20000358 - 0x20000348)]	R1=200003B8                             	
0000DEAD	ROM:sub_45CC+58         	LSLS            R0, R0, #1      	R0=00009000 Z=0                         	
0000DEAD	ROM:sub_45CC+5A         	STR             R0, [R1,#0x3C]  	                                        	
0000DEAD	ROM:sub_45CC+5C         	STR             R0, [R1,#0x38]  	                                        	
0000DEAD	ROM:sub_45CC+5E         	STR             R0, [R1,#0x34]  	                                        	
0000DEAD	ROM:sub_45CC+60         	STR             R0, [R1,#0x30]  	                                        	
0000DEAD	ROM:sub_45CC+62         	BL              sub_AC0A        	LR=00004633                             	
0000DEAD	ROM:sub_AC0A            	PUSH            {R4,LR}         	SP=20001370 MSP=20001370                	
0000DEAD	ROM:sub_AC0A+2          	LDR             R1, =dword_20000D54	R1=20000D54                             	
0000DEAD	ROM:sub_AC0A+4          	LDR             R4, =unk_20000358	R4=20000358                             	
0000DEAD	ROM:sub_AC0A+6          	MOVS            R0, #0          	R0=00000000 Z=1                         	
0000DEAD	ROM:sub_AC0A+8          	STR             R0, [R1]        	                                        	
0000DEAD	ROM:sub_AC0A+A          	LDR             R1, [R4]        	R1=200003B8                             	
0000DEAD	ROM:sub_AC0A+C          	BL              sub_786A        	LR=0000AC1B                             	
0000DEAD	ROM:sub_786A            	PUSH.W          {R4-R9,LR}      	SP=20001354 MSP=20001354                	
0000DEAD	ROM:sub_786A+4          	MOV             R6, R1          	R6=200003B8                             	
0000DEAD	ROM:sub_786A+6          	ADD.W           R7, R6, #0x28 ; '('	R7=200003E0                             	
0000DEAD	ROM:sub_786A+A          	MOV             R4, R0          	R4=00000000                             	
0000DEAD	ROM:sub_786A+C          	LDR             R0, [R7,#4]     	R0=200003E0                             	
0000DEAD	ROM:sub_786A+E          	LDRB            R0, [R0]        	R0=00000000                             	
0000DEAD	ROM:sub_786A+10         	LSLS            R0, R0, #2      	                                        	
0000DEAD	ROM:sub_786A+12         	STRB.W          R0, [R6,#0x48]  	                                        	
0000DEAD	ROM:sub_786A+16         	ADD.W           R5, R6, #0x48 ; 'H'	R5=20000400                             	
0000DEAD	ROM:sub_786A+1A         	LDRB.W          R0, [R6,#0x28]  	                                        	
0000DEAD	ROM:sub_786A+1E         	LSLS            R0, R0, #2      	                                        	
0000DEAD	ROM:sub_786A+20         	STRB            R0, [R5,#1]     	                                        	
0000DEAD	ROM:sub_786A+22         	MOVS            R0, #0xF        	R0=0000000F Z=0                         	
0000DEAD	ROM:sub_786A+24         	LDRSB.W         R2, [R6,#0x48]  	R2=00000000                             	
0000DEAD	ROM:sub_786A+28         	BL              sub_99B4        	LR=00007897                             	
0000DEAD	ROM:sub_99B4            	MOVS            R1, #0          	R1=00000000 Z=1                         	
0000DEAD	ROM:sub_99B4+2          	B.W             sub_B5E8        	                                        	
0000DEAD	ROM:sub_B5E8            	UXTB            R2, R2          	                                        	
0000DEAD	ROM:sub_B5E8+2          	SUBS            R2, #0x20 ; ' ' 	R2=FFFFFFE0 Z=0 N=1                     	
0000DEAD	ROM:sub_B5E8+4          	ITTT CS                         	IT[7:4]=2 IT[1:0]=2                     	
0000DEAD	ROM:sub_B5E8+6          	LSLCS.W         R1, R0, R2      	IT[3:2]=1 IT[1:0]=0                     	
0000DEAD	ROM:sub_B5E8+A          	MOVCS           R0, #0          	IT[3:2]=2                               	
0000DEAD	ROM:sub_B5E8+C          	BXCS            LR              	IT[3:2]=0 IT[7:4]=0                     	
0000DEAD	ROM:sub_B5E8+E          	NEGS            R2, R2          	R2=00000020 N=0                         	
0000DEAD	ROM:sub_B5E8+10         	RORS            R0, R2          	                                        	
0000DEAD	ROM:sub_B5E8+12         	RSBS.W          R2, R2, #0x20 ; ' '	R2=00000000 C=1 Z=1                     	
0000DEAD	ROM:sub_B5E8+16         	LSLS            R1, R2          	                                        	
0000DEAD	ROM:sub_B5E8+18         	EORS            R1, R0          	R1=0000000F Z=0                         	
0000DEAD	ROM:sub_B5E8+1A         	LSRS            R0, R2          	                                        	
0000DEAD	ROM:sub_B5E8+1C         	LSLS            R0, R2          	                                        	
0000DEAD	ROM:sub_B5E8+1E         	EORS            R1, R0          	R1=00000000 Z=1                         	
0000DEAD	ROM:sub_B5E8+20         	BX              LR              	                                        	
0000DEAD	ROM:sub_786A+2C         	STRD.W          R0, R1, [R5,#8] 	                                        	
0000DEAD	ROM:sub_786A+30         	LDRB.W          R2, [R6,#0x48]  	                                        	
0000DEAD	ROM:sub_786A+34         	MOV.W           R0, #0xFFFFFFFF 	R0=FFFFFFFF                             	
0000DEAD	ROM:sub_786A+38         	MOV             R1, #0xFFFFFF   	R1=00FFFFFF                             	
0000DEAD	ROM:sub_786A+3C         	ADDS            R2, R2, #4      	R2=00000004 C=0 Z=0                     	
0000DEAD	ROM:sub_786A+3E         	BL              sub_B5E8        	R0=FFFFFFF0 R1=0FFFFFFF LR=000078AD     	
0000DEAD	ROM:sub_786A+42         	MOV.W           R2, #0xFFFFFFFF 	R2=FFFFFFFF                             	
0000DEAD	ROM:sub_786A+46         	MOV             R3, #0xFFFFFF   	R3=00FFFFFF                             	
0000DEAD	ROM:sub_786A+4A         	BIC.W           R0, R2, R0      	R0=0000000F                             	
0000DEAD	ROM:sub_786A+4E         	BIC.W           R1, R3, R1      	R1=00000000                             	
0000DEAD	ROM:sub_786A+52         	STRD.W          R0, R1, [R5,#0x10]	                                        	
0000DEAD	ROM:sub_786A+56         	LDRB.W          R6, [R6,#0x28]  	R6=00000000                             	
0000DEAD	ROM:sub_786A+5A         	MOV             R8, R2          	R8=FFFFFFFF                             	
0000DEAD	ROM:sub_786A+5C         	MOV             R9, R2          	R9=FFFFFFFF                             	
0000DEAD	ROM:sub_786A+5E         	MOV             R0, R8          	R0=FFFFFFFF                             	
0000DEAD	ROM:sub_786A+60         	MOV             R1, R9          	R1=FFFFFFFF                             	
0000DEAD	ROM:sub_786A+62         	LSLS            R2, R6, #2      	R2=00000000 Z=1                         	
0000DEAD	ROM:sub_786A+64         	BL              sub_B5E8        	LR=000078D3 C=1 Z=0 N=1                 	
0000DEAD	ROM:sub_786A+68         	STRD.W          R0, R1, [R5,#0x18]	                                        	
0000DEAD	ROM:sub_786A+6C         	LDRB            R2, [R7,#1]     	                                        	
0000DEAD	ROM:sub_786A+6E         	CMP             R2, R6          	Z=1 N=0                                 	
0000DEAD	ROM:sub_786A+70         	BCC             loc_78F8        	                                        	
0000DEAD	ROM:sub_786A+72         	MOV             R6, R0          	R6=FFFFFFFF                             	
0000DEAD	ROM:sub_786A+74         	MOV             R7, R1          	R7=FFFFFFFF                             	
0000DEAD	ROM:sub_786A+76         	ADDS            R2, R2, #1      	R2=00000001 C=0 Z=0                     	
0000DEAD	ROM:sub_786A+78         	MOV             R0, R8          	                                        	
0000DEAD	ROM:sub_786A+7A         	MOV             R1, R9          	                                        	
0000DEAD	ROM:sub_786A+7C         	LSLS            R2, R2, #2      	R2=00000004                             	
0000DEAD	ROM:sub_786A+7E         	BL              sub_B5E8        	R0=FFFFFFF0 LR=000078ED N=1             	
0000DEAD	ROM:sub_786A+82         	BIC.W           R0, R6, R0      	R0=0000000F                             	
0000DEAD	ROM:sub_786A+86         	BIC.W           R1, R7, R1      	R1=00000000                             	
0000DEAD	ROM:sub_786A+8A         	STRD.W          R0, R1, [R5,#0x18]	                                        	
0000DEAD	ROM:sub_786A:loc_78F8   	LDRD.W          R0, R1, [R5,#0x18]	                                        	
0000DEAD	ROM:sub_786A+92         	MOV             R3, #0xFFFFFF   	                                        	
0000DEAD	ROM:sub_786A+96         	ANDS            R1, R3          	Z=1 N=0                                 	
0000DEAD	ROM:sub_786A+98         	STRD.W          R0, R1, [R5,#0x18]	                                        	
0000DEAD	ROM:sub_786A+9C         	MOV             R0, R4          	R0=00000000                             	
0000DEAD	ROM:sub_786A+9E         	POP.W           {R4-R9,PC}      	R4=20000358 R5=400F1000 R6=00000000 R7=00000000 R8=00000001 R9=0000C9E8 SP=20001370 MSP=20001370	
0000DEAD	ROM:sub_AC0A+10         	LDR             R0, [R4]        	R0=200003B8                             	
0000DEAD	ROM:sub_AC0A+12         	MOVS            R1, #0          	                                        	
0000DEAD	ROM:sub_AC0A+14         	STRB.W          R1, [R0,#0x43]  	                                        	
0000DEAD	ROM:sub_AC0A+18         	LDRB.W          R1, [R0,#0x42]  	R1=00000001                             	
0000DEAD	ROM:sub_AC0A+1C         	BL              emu_ROM_read    	LR=0000AC2B                             	
